2014-06-02 20:21:56,073 [DEBUG] django.db.backends: (0.021) SELECT `south_migrationhistory`.`id`, `south_migrationhistory`.`app_name`, `south_migrationhistory`.`migration`, `south_migrationhistory`.`applied` FROM `south_migrationhistory` WHERE `south_migrationhistory`.`applied` IS NOT NULL ORDER BY `south_migrationhistory`.`applied` ASC; args=()
2014-06-02 20:29:33,764 [DEBUG] django.db.backends: (0.026) SHOW variables WHERE Variable_Name='default_storage_engine';; args=None
2014-06-02 20:29:33,792 [DEBUG] django.db.backends: (0.000) SHOW TABLES; args=None
2014-06-02 20:29:34,103 [DEBUG] django.db.backends: (0.310) CREATE TABLE `django_admin_log` (
    `id` integer AUTO_INCREMENT NOT NULL PRIMARY KEY,
    `action_time` datetime NOT NULL,
    `user_id` integer NOT NULL,
    `content_type_id` integer,
    `object_id` longtext,
    `object_repr` varchar(200) NOT NULL,
    `action_flag` smallint UNSIGNED NOT NULL,
    `change_message` longtext NOT NULL
)
;; args=None
2014-06-02 20:29:34,110 [DEBUG] django.db.backends: (0.005) CREATE TABLE `auth_permission` (
    `id` integer AUTO_INCREMENT NOT NULL PRIMARY KEY,
    `name` varchar(50) NOT NULL,
    `content_type_id` integer NOT NULL,
    `codename` varchar(100) NOT NULL,
    UNIQUE (`content_type_id`, `codename`)
)
;; args=None
2014-06-02 20:29:34,116 [DEBUG] django.db.backends: (0.005) CREATE TABLE `auth_group_permissions` (
    `id` integer AUTO_INCREMENT NOT NULL PRIMARY KEY,
    `group_id` integer NOT NULL,
    `permission_id` integer NOT NULL,
    UNIQUE (`group_id`, `permission_id`)
)
;; args=None
2014-06-02 20:29:34,289 [DEBUG] django.db.backends: (0.173) ALTER TABLE `auth_group_permissions` ADD CONSTRAINT `permission_id_refs_id_6ba0f519` FOREIGN KEY (`permission_id`) REFERENCES `auth_permission` (`id`);; args=None
2014-06-02 20:29:34,315 [DEBUG] django.db.backends: (0.025) CREATE TABLE `auth_group` (
    `id` integer AUTO_INCREMENT NOT NULL PRIMARY KEY,
    `name` varchar(80) NOT NULL UNIQUE
)
;; args=None
2014-06-02 20:29:34,361 [DEBUG] django.db.backends: (0.046) ALTER TABLE `auth_group_permissions` ADD CONSTRAINT `group_id_refs_id_f4b32aac` FOREIGN KEY (`group_id`) REFERENCES `auth_group` (`id`);; args=None
2014-06-02 20:29:34,366 [DEBUG] django.db.backends: (0.004) CREATE TABLE `django_content_type` (
    `id` integer AUTO_INCREMENT NOT NULL PRIMARY KEY,
    `name` varchar(100) NOT NULL,
    `app_label` varchar(100) NOT NULL,
    `model` varchar(100) NOT NULL,
    UNIQUE (`app_label`, `model`)
)
;; args=None
2014-06-02 20:29:34,437 [DEBUG] django.db.backends: (0.071) ALTER TABLE `django_admin_log` ADD CONSTRAINT `content_type_id_refs_id_93d2d1f8` FOREIGN KEY (`content_type_id`) REFERENCES `django_content_type` (`id`);; args=None
2014-06-02 20:29:34,452 [DEBUG] django.db.backends: (0.015) ALTER TABLE `auth_permission` ADD CONSTRAINT `content_type_id_refs_id_d043b34a` FOREIGN KEY (`content_type_id`) REFERENCES `django_content_type` (`id`);; args=None
2014-06-02 20:29:34,553 [DEBUG] django.db.backends: (0.101) CREATE TABLE `django_session` (
    `session_key` varchar(40) NOT NULL PRIMARY KEY,
    `session_data` longtext NOT NULL,
    `expire_date` datetime NOT NULL
)
;; args=None
2014-06-02 20:29:34,557 [DEBUG] django.db.backends: (0.003) CREATE TABLE `south_migrationhistory` (
    `id` integer AUTO_INCREMENT NOT NULL PRIMARY KEY,
    `app_name` varchar(255) NOT NULL,
    `migration` varchar(255) NOT NULL,
    `applied` datetime NOT NULL
)
;; args=None
2014-06-02 20:29:34,574 [DEBUG] django.db.backends: (0.000) SELECT `django_content_type`.`id`, `django_content_type`.`name`, `django_content_type`.`app_label`, `django_content_type`.`model` FROM `django_content_type` WHERE (`django_content_type`.`model` = 'logentry'  AND `django_content_type`.`app_label` = 'admin' ); args=('logentry', u'admin')
2014-06-02 20:29:34,601 [DEBUG] django.db.backends: (0.021) INSERT INTO `django_content_type` (`name`, `app_label`, `model`) VALUES ('log entry', 'admin', 'logentry'); args=[u'log entry', u'admin', 'logentry']
2014-06-02 20:29:34,628 [DEBUG] django.db.backends: (0.016) SELECT `auth_permission`.`content_type_id`, `auth_permission`.`codename` FROM `auth_permission` INNER JOIN `django_content_type` ON ( `auth_permission`.`content_type_id` = `django_content_type`.`id` ) WHERE `auth_permission`.`content_type_id` IN (1) ORDER BY `django_content_type`.`app_label` ASC, `django_content_type`.`model` ASC, `auth_permission`.`codename` ASC; args=(1,)
2014-06-02 20:29:34,630 [DEBUG] django.db.backends: (0.001) INSERT INTO `auth_permission` (`name`, `content_type_id`, `codename`) VALUES ('Can add log entry', 1, 'add_logentry'), ('Can change log entry', 1, 'change_logentry'), ('Can delete log entry', 1, 'delete_logentry'); args=(u'Can add log entry', 1, u'add_logentry', u'Can change log entry', 1, u'change_logentry', u'Can delete log entry', 1, u'delete_logentry')
2014-06-02 20:29:34,639 [DEBUG] django.db.backends: (0.001) SELECT `django_content_type`.`id`, `django_content_type`.`name`, `django_content_type`.`app_label`, `django_content_type`.`model` FROM `django_content_type` WHERE `django_content_type`.`app_label` = 'admin'  ORDER BY `django_content_type`.`name` ASC; args=(u'admin',)
2014-06-02 20:29:34,641 [DEBUG] django.db.backends: (0.000) SELECT `django_content_type`.`id`, `django_content_type`.`name`, `django_content_type`.`app_label`, `django_content_type`.`model` FROM `django_content_type` WHERE (`django_content_type`.`model` = 'permission'  AND `django_content_type`.`app_label` = 'auth' ); args=('permission', u'auth')
2014-06-02 20:29:34,656 [DEBUG] django.db.backends: (0.015) INSERT INTO `django_content_type` (`name`, `app_label`, `model`) VALUES ('permission', 'auth', 'permission'); args=[u'permission', u'auth', 'permission']
2014-06-02 20:29:34,660 [DEBUG] django.db.backends: (0.001) SELECT `django_content_type`.`id`, `django_content_type`.`name`, `django_content_type`.`app_label`, `django_content_type`.`model` FROM `django_content_type` WHERE (`django_content_type`.`model` = 'group'  AND `django_content_type`.`app_label` = 'auth' ); args=('group', u'auth')
2014-06-02 20:29:34,662 [DEBUG] django.db.backends: (0.001) INSERT INTO `django_content_type` (`name`, `app_label`, `model`) VALUES ('group', 'auth', 'group'); args=[u'group', u'auth', 'group']
2014-06-02 20:29:34,666 [DEBUG] django.db.backends: (0.001) SELECT `auth_permission`.`content_type_id`, `auth_permission`.`codename` FROM `auth_permission` INNER JOIN `django_content_type` ON ( `auth_permission`.`content_type_id` = `django_content_type`.`id` ) WHERE `auth_permission`.`content_type_id` IN (2, 3) ORDER BY `django_content_type`.`app_label` ASC, `django_content_type`.`model` ASC, `auth_permission`.`codename` ASC; args=(2, 3)
2014-06-02 20:29:34,667 [DEBUG] django.db.backends: (0.000) INSERT INTO `auth_permission` (`name`, `content_type_id`, `codename`) VALUES ('Can add permission', 2, 'add_permission'), ('Can change permission', 2, 'change_permission'), ('Can delete permission', 2, 'delete_permission'), ('Can add group', 3, 'add_group'), ('Can change group', 3, 'change_group'), ('Can delete group', 3, 'delete_group'); args=(u'Can add permission', 2, u'add_permission', u'Can change permission', 2, u'change_permission', u'Can delete permission', 2, u'delete_permission', u'Can add group', 3, u'add_group', u'Can change group', 3, u'change_group', u'Can delete group', 3, u'delete_group')
2014-06-02 20:29:34,670 [DEBUG] django.db.backends: (0.001) SELECT `django_content_type`.`id`, `django_content_type`.`name`, `django_content_type`.`app_label`, `django_content_type`.`model` FROM `django_content_type` WHERE `django_content_type`.`app_label` = 'auth'  ORDER BY `django_content_type`.`name` ASC; args=(u'auth',)
2014-06-02 20:29:34,672 [DEBUG] django.db.backends: (0.000) SELECT `django_content_type`.`id`, `django_content_type`.`name`, `django_content_type`.`app_label`, `django_content_type`.`model` FROM `django_content_type` WHERE (`django_content_type`.`model` = 'contenttype'  AND `django_content_type`.`app_label` = 'contenttypes' ); args=('contenttype', u'contenttypes')
2014-06-02 20:29:34,673 [DEBUG] django.db.backends: (0.001) INSERT INTO `django_content_type` (`name`, `app_label`, `model`) VALUES ('content type', 'contenttypes', 'contenttype'); args=[u'content type', u'contenttypes', 'contenttype']
2014-06-02 20:29:34,676 [DEBUG] django.db.backends: (0.000) SELECT `auth_permission`.`content_type_id`, `auth_permission`.`codename` FROM `auth_permission` INNER JOIN `django_content_type` ON ( `auth_permission`.`content_type_id` = `django_content_type`.`id` ) WHERE `auth_permission`.`content_type_id` IN (4) ORDER BY `django_content_type`.`app_label` ASC, `django_content_type`.`model` ASC, `auth_permission`.`codename` ASC; args=(4,)
2014-06-02 20:29:34,695 [DEBUG] django.db.backends: (0.018) INSERT INTO `auth_permission` (`name`, `content_type_id`, `codename`) VALUES ('Can add content type', 4, 'add_contenttype'), ('Can change content type', 4, 'change_contenttype'), ('Can delete content type', 4, 'delete_contenttype'); args=(u'Can add content type', 4, u'add_contenttype', u'Can change content type', 4, u'change_contenttype', u'Can delete content type', 4, u'delete_contenttype')
2014-06-02 20:29:34,699 [DEBUG] django.db.backends: (0.000) SELECT `django_content_type`.`id`, `django_content_type`.`name`, `django_content_type`.`app_label`, `django_content_type`.`model` FROM `django_content_type` WHERE `django_content_type`.`app_label` = 'contenttypes'  ORDER BY `django_content_type`.`name` ASC; args=(u'contenttypes',)
2014-06-02 20:29:34,700 [DEBUG] django.db.backends: (0.000) SELECT `django_content_type`.`id`, `django_content_type`.`name`, `django_content_type`.`app_label`, `django_content_type`.`model` FROM `django_content_type` WHERE (`django_content_type`.`model` = 'session'  AND `django_content_type`.`app_label` = 'sessions' ); args=('session', u'sessions')
2014-06-02 20:29:34,700 [DEBUG] django.db.backends: (0.000) INSERT INTO `django_content_type` (`name`, `app_label`, `model`) VALUES ('session', 'sessions', 'session'); args=[u'session', u'sessions', 'session']
2014-06-02 20:29:34,705 [DEBUG] django.db.backends: (0.000) SELECT `auth_permission`.`content_type_id`, `auth_permission`.`codename` FROM `auth_permission` INNER JOIN `django_content_type` ON ( `auth_permission`.`content_type_id` = `django_content_type`.`id` ) WHERE `auth_permission`.`content_type_id` IN (5) ORDER BY `django_content_type`.`app_label` ASC, `django_content_type`.`model` ASC, `auth_permission`.`codename` ASC; args=(5,)
2014-06-02 20:29:34,706 [DEBUG] django.db.backends: (0.001) INSERT INTO `auth_permission` (`name`, `content_type_id`, `codename`) VALUES ('Can add session', 5, 'add_session'), ('Can change session', 5, 'change_session'), ('Can delete session', 5, 'delete_session'); args=(u'Can add session', 5, u'add_session', u'Can change session', 5, u'change_session', u'Can delete session', 5, u'delete_session')
2014-06-02 20:29:34,709 [DEBUG] django.db.backends: (0.000) SELECT `django_content_type`.`id`, `django_content_type`.`name`, `django_content_type`.`app_label`, `django_content_type`.`model` FROM `django_content_type` WHERE `django_content_type`.`app_label` = 'sessions'  ORDER BY `django_content_type`.`name` ASC; args=(u'sessions',)
2014-06-02 20:29:34,712 [DEBUG] django.db.backends: (0.000) SELECT `django_content_type`.`id`, `django_content_type`.`name`, `django_content_type`.`app_label`, `django_content_type`.`model` FROM `django_content_type` WHERE (`django_content_type`.`model` = 'migrationhistory'  AND `django_content_type`.`app_label` = 'south' ); args=('migrationhistory', u'south')
2014-06-02 20:29:34,713 [DEBUG] django.db.backends: (0.001) INSERT INTO `django_content_type` (`name`, `app_label`, `model`) VALUES ('migration history', 'south', 'migrationhistory'); args=[u'migration history', u'south', 'migrationhistory']
2014-06-02 20:29:34,717 [DEBUG] django.db.backends: (0.001) SELECT `auth_permission`.`content_type_id`, `auth_permission`.`codename` FROM `auth_permission` INNER JOIN `django_content_type` ON ( `auth_permission`.`content_type_id` = `django_content_type`.`id` ) WHERE `auth_permission`.`content_type_id` IN (6) ORDER BY `django_content_type`.`app_label` ASC, `django_content_type`.`model` ASC, `auth_permission`.`codename` ASC; args=(6,)
2014-06-02 20:29:34,718 [DEBUG] django.db.backends: (0.000) INSERT INTO `auth_permission` (`name`, `content_type_id`, `codename`) VALUES ('Can add migration history', 6, 'add_migrationhistory'), ('Can change migration history', 6, 'change_migrationhistory'), ('Can delete migration history', 6, 'delete_migrationhistory'); args=(u'Can add migration history', 6, u'add_migrationhistory', u'Can change migration history', 6, u'change_migrationhistory', u'Can delete migration history', 6, u'delete_migrationhistory')
2014-06-02 20:29:34,721 [DEBUG] django.db.backends: (0.000) SELECT `django_content_type`.`id`, `django_content_type`.`name`, `django_content_type`.`app_label`, `django_content_type`.`model` FROM `django_content_type` WHERE `django_content_type`.`app_label` = 'south'  ORDER BY `django_content_type`.`name` ASC; args=(u'south',)
2014-06-02 20:29:34,792 [DEBUG] django.db.backends: (0.067) CREATE INDEX `django_admin_log_6340c63c` ON `django_admin_log` (`user_id`);; args=None
2014-06-02 20:29:34,818 [DEBUG] django.db.backends: (0.025) CREATE INDEX `django_admin_log_37ef4eb4` ON `django_admin_log` (`content_type_id`);; args=None
2014-06-02 20:29:34,831 [DEBUG] django.db.backends: (0.012) CREATE INDEX `auth_permission_37ef4eb4` ON `auth_permission` (`content_type_id`);; args=None
2014-06-02 20:29:34,845 [DEBUG] django.db.backends: (0.013) CREATE INDEX `auth_group_permissions_5f412f9a` ON `auth_group_permissions` (`group_id`);; args=None
2014-06-02 20:29:34,873 [DEBUG] django.db.backends: (0.027) CREATE INDEX `auth_group_permissions_83d7f98b` ON `auth_group_permissions` (`permission_id`);; args=None
2014-06-02 20:29:34,887 [DEBUG] django.db.backends: (0.014) CREATE INDEX `django_session_b7b81f0c` ON `django_session` (`expire_date`);; args=None
2014-06-02 20:29:35,502 [DEBUG] django.db.backends: (0.000) SET foreign_key_checks=0; args=None
2014-06-02 20:29:35,557 [DEBUG] django.db.backends: (0.000) SET foreign_key_checks=1; args=None
2014-06-02 20:29:41,528 [DEBUG] django.db.backends: (0.000) SELECT `south_migrationhistory`.`id`, `south_migrationhistory`.`app_name`, `south_migrationhistory`.`migration`, `south_migrationhistory`.`applied` FROM `south_migrationhistory` WHERE `south_migrationhistory`.`applied` IS NOT NULL ORDER BY `south_migrationhistory`.`applied` ASC; args=()
2014-06-02 20:29:41,531 [DEBUG] django.db.backends: (0.000) SHOW variables WHERE Variable_Name='default_storage_engine';; args=None
2014-06-02 20:29:41,591 [DEBUG] django.db.backends: (0.049) CREATE TABLE ROLLBACK_TEST (X INT); args=None
2014-06-02 20:29:41,592 [DEBUG] django.db.backends: (0.001) INSERT INTO ROLLBACK_TEST (X) VALUES (8); args=None
2014-06-02 20:29:41,610 [DEBUG] django.db.backends: (0.016) SELECT COUNT(X) FROM ROLLBACK_TEST; args=None
2014-06-02 20:29:41,618 [DEBUG] django.db.backends: (0.007) DROP TABLE ROLLBACK_TEST; args=None
2014-06-02 20:29:41,618 [DEBUG] south: execute "SET FOREIGN_KEY_CHECKS=0;" with params "[]"
2014-06-02 20:29:41,618 [DEBUG] django.db.backends: (0.000) SET FOREIGN_KEY_CHECKS=0;; args=[]
2014-06-02 20:29:41,651 [DEBUG] django.db.backends: (0.032) CREATE TABLE DDL_TRANSACTION_TEST (X INT); args=None
2014-06-02 20:29:41,652 [DEBUG] django.db.backends: (0.000) CREATE TABLE DDL_TRANSACTION_TEST (X INT); args=None
2014-06-02 20:29:41,655 [DEBUG] django.db.backends: (0.003) DROP TABLE DDL_TRANSACTION_TEST; args=None
2014-06-02 20:29:41,658 [DEBUG] south: execute "SET FOREIGN_KEY_CHECKS=0;" with params "[]"
2014-06-02 20:29:41,658 [DEBUG] django.db.backends: (0.000) SET FOREIGN_KEY_CHECKS=0;; args=[]
2014-06-02 20:29:41,659 [DEBUG] south: execute "CREATE TABLE `account_account` (`id` integer AUTO_INCREMENT NOT NULL PRIMARY KEY, `password` varchar(128) NOT NULL, `last_login` datetime NOT NULL, `email` varchar(255) NOT NULL UNIQUE, `is_active` bool NOT NULL, `is_admin` bool NOT NULL)" with params "[]"
2014-06-02 20:29:41,681 [DEBUG] django.db.backends: (0.022) CREATE TABLE `account_account` (`id` integer AUTO_INCREMENT NOT NULL PRIMARY KEY, `password` varchar(128) NOT NULL, `last_login` datetime NOT NULL, `email` varchar(255) NOT NULL UNIQUE, `is_active` bool NOT NULL, `is_admin` bool NOT NULL); args=[]
2014-06-02 20:29:41,690 [DEBUG] django.db.backends: (0.009) SELECT `south_migrationhistory`.`id`, `south_migrationhistory`.`app_name`, `south_migrationhistory`.`migration`, `south_migrationhistory`.`applied` FROM `south_migrationhistory` WHERE (`south_migrationhistory`.`app_name` = 'account'  AND `south_migrationhistory`.`migration` = '0001_initial' ); args=('account', '0001_initial')
2014-06-02 20:29:41,726 [DEBUG] django.db.backends: (0.020) INSERT INTO `south_migrationhistory` (`app_name`, `migration`, `applied`) VALUES ('account', '0001_initial', '2014-06-02 20:29:41'); args=['account', '0001_initial', u'2014-06-02 20:29:41']
2014-06-02 20:29:41,731 [DEBUG] django.db.backends: (0.000) SELECT `django_content_type`.`id`, `django_content_type`.`name`, `django_content_type`.`app_label`, `django_content_type`.`model` FROM `django_content_type` WHERE (`django_content_type`.`model` = 'account'  AND `django_content_type`.`app_label` = 'account' ); args=('account', u'account')
2014-06-02 20:29:41,748 [DEBUG] django.db.backends: (0.017) INSERT INTO `django_content_type` (`name`, `app_label`, `model`) VALUES ('account', 'account', 'account'); args=[u'account', u'account', 'account']
2014-06-02 20:29:41,752 [DEBUG] django.db.backends: (0.000) SELECT `auth_permission`.`content_type_id`, `auth_permission`.`codename` FROM `auth_permission` INNER JOIN `django_content_type` ON ( `auth_permission`.`content_type_id` = `django_content_type`.`id` ) WHERE `auth_permission`.`content_type_id` IN (7) ORDER BY `django_content_type`.`app_label` ASC, `django_content_type`.`model` ASC, `auth_permission`.`codename` ASC; args=(7,)
2014-06-02 20:29:41,753 [DEBUG] django.db.backends: (0.000) INSERT INTO `auth_permission` (`name`, `content_type_id`, `codename`) VALUES ('Can add account', 7, 'add_account'), ('Can change account', 7, 'change_account'), ('Can delete account', 7, 'delete_account'); args=(u'Can add account', 7, u'add_account', u'Can change account', 7, u'change_account', u'Can delete account', 7, u'delete_account')
2014-06-02 20:29:41,757 [DEBUG] django.db.backends: (0.000) SELECT `django_content_type`.`id`, `django_content_type`.`name`, `django_content_type`.`app_label`, `django_content_type`.`model` FROM `django_content_type` WHERE `django_content_type`.`app_label` = 'account'  ORDER BY `django_content_type`.`name` ASC; args=(u'account',)
2014-06-02 20:29:41,761 [DEBUG] django.db.backends: (0.000) SET foreign_key_checks=0; args=None
2014-06-02 20:29:41,778 [DEBUG] django.db.backends: (0.000) SET foreign_key_checks=1; args=None
2014-06-02 21:35:01,042 [DEBUG] django.db.backends: (0.197) SELECT (1) AS `a` FROM `account_account` WHERE `account_account`.`email` = 'sdafsdf@hotmail.com'  LIMIT 1; args=(u'sdafsdf@hotmail.com',)
2014-06-02 22:21:30,888 [DEBUG] django.db.backends: (0.000) SELECT (1) AS `a` FROM `account_account` WHERE `account_account`.`email` = 'test@test.com'  LIMIT 1; args=(u'test@test.com',)
2014-06-02 22:21:31,139 [DEBUG] django.db.backends: (0.163) INSERT INTO `account_account` (`password`, `last_login`, `email`, `is_active`, `is_admin`) VALUES ('pbkdf2_sha256$12000$BHLWxuX0uT7k$q1dYtmFOFRb7m/PSURKPfZuv3yL8t8JYXqbYJVOycd0=', '2014-06-02 22:21:30', 'test@test.com', 0, 0); args=[u'pbkdf2_sha256$12000$BHLWxuX0uT7k$q1dYtmFOFRb7m/PSURKPfZuv3yL8t8JYXqbYJVOycd0=', u'2014-06-02 22:21:30', u'test@test.com', False, False]
2014-06-02 22:24:08,966 [DEBUG] django.db.backends: (0.036) SELECT `account_account`.`id`, `account_account`.`password`, `account_account`.`last_login`, `account_account`.`email`, `account_account`.`is_active`, `account_account`.`is_admin` FROM `account_account` WHERE `account_account`.`email` = 'test@test.com' ; args=(u'test@test.com',)
2014-06-02 22:24:09,032 [DEBUG] django.db.backends: (0.024) SELECT `django_session`.`session_key`, `django_session`.`session_data`, `django_session`.`expire_date` FROM `django_session` WHERE (`django_session`.`session_key` = 's2ie61mhq6ivnvy7p189xbvht3w8jw37'  AND `django_session`.`expire_date` > '2014-06-02 22:24:09' ); args=('s2ie61mhq6ivnvy7p189xbvht3w8jw37', u'2014-06-02 22:24:09')
2014-06-02 22:24:09,033 [DEBUG] django.db.backends: (0.000) SELECT (1) AS `a` FROM `django_session` WHERE `django_session`.`session_key` = '5u01b3ivri3x6214hxedsvw6ppe15o0z'  LIMIT 1; args=(u'5u01b3ivri3x6214hxedsvw6ppe15o0z',)
2014-06-02 22:24:09,085 [DEBUG] django.db.backends: (0.045) INSERT INTO `django_session` (`session_key`, `session_data`, `expire_date`) VALUES ('5u01b3ivri3x6214hxedsvw6ppe15o0z', 'YTU5YWEwNGI4NDEzNjJjNTJiOTVmNzZjYTZmOWVhZTZiZTUyM2RkNjp7fQ==', '2014-06-16 22:24:09'); args=(u'5u01b3ivri3x6214hxedsvw6ppe15o0z', u'YTU5YWEwNGI4NDEzNjJjNTJiOTVmNzZjYTZmOWVhZTZiZTUyM2RkNjp7fQ==', u'2014-06-16 22:24:09')
2014-06-02 22:24:09,105 [DEBUG] django.db.backends: (0.000) SELECT (1) AS `a` FROM `django_session` WHERE `django_session`.`session_key` = 'mnno5ktuscb8mdv5htspctgag9en7okt'  LIMIT 1; args=(u'mnno5ktuscb8mdv5htspctgag9en7okt',)
2014-06-02 22:24:09,107 [DEBUG] django.db.backends: (0.001) INSERT INTO `django_session` (`session_key`, `session_data`, `expire_date`) VALUES ('mnno5ktuscb8mdv5htspctgag9en7okt', 'YTU5YWEwNGI4NDEzNjJjNTJiOTVmNzZjYTZmOWVhZTZiZTUyM2RkNjp7fQ==', '2014-06-16 22:24:09'); args=(u'mnno5ktuscb8mdv5htspctgag9en7okt', u'YTU5YWEwNGI4NDEzNjJjNTJiOTVmNzZjYTZmOWVhZTZiZTUyM2RkNjp7fQ==', u'2014-06-16 22:24:09')
2014-06-02 22:24:09,119 [DEBUG] django.db.backends: (0.000) SELECT `django_session`.`session_key`, `django_session`.`session_data`, `django_session`.`expire_date` FROM `django_session` WHERE `django_session`.`session_key` = '5u01b3ivri3x6214hxedsvw6ppe15o0z' ; args=(u'5u01b3ivri3x6214hxedsvw6ppe15o0z',)
2014-06-02 22:24:09,134 [DEBUG] django.db.backends: (0.015) DELETE FROM `django_session` WHERE `session_key` IN ('5u01b3ivri3x6214hxedsvw6ppe15o0z'); args=(u'5u01b3ivri3x6214hxedsvw6ppe15o0z',)
2014-06-02 22:24:09,141 [DEBUG] django.db.backends: (0.002) UPDATE `account_account` SET `last_login` = '2014-06-02 22:24:09' WHERE `account_account`.`id` = 1 ; args=(u'2014-06-02 22:24:09', 1)
2014-06-02 22:24:09,144 [DEBUG] django.db.backends: (0.000) UPDATE `django_session` SET `session_data` = 'NDE4ZWYzNzFhYTkyMGNlZjU4NWM0ODY3MDhmOTIzMjRmZDQ4MTc1Mzp7Il9hdXRoX3VzZXJfYmFja2VuZCI6ImRqYW5nby5jb250cmliLmF1dGguYmFja2VuZHMuTW9kZWxCYWNrZW5kIiwiX2F1dGhfdXNlcl9pZCI6MX0=', `expire_date` = '2014-06-16 22:24:09' WHERE `django_session`.`session_key` = 'mnno5ktuscb8mdv5htspctgag9en7okt' ; args=(u'NDE4ZWYzNzFhYTkyMGNlZjU4NWM0ODY3MDhmOTIzMjRmZDQ4MTc1Mzp7Il9hdXRoX3VzZXJfYmFja2VuZCI6ImRqYW5nby5jb250cmliLmF1dGguYmFja2VuZHMuTW9kZWxCYWNrZW5kIiwiX2F1dGhfdXNlcl9pZCI6MX0=', u'2014-06-16 22:24:09', u'mnno5ktuscb8mdv5htspctgag9en7okt')
2014-06-02 22:24:09,443 [DEBUG] django.db.backends: (0.001) SELECT `django_session`.`session_key`, `django_session`.`session_data`, `django_session`.`expire_date` FROM `django_session` WHERE (`django_session`.`session_key` = 'mnno5ktuscb8mdv5htspctgag9en7okt'  AND `django_session`.`expire_date` > '2014-06-02 22:24:09' ); args=('mnno5ktuscb8mdv5htspctgag9en7okt', u'2014-06-02 22:24:09')
2014-06-02 22:24:09,450 [DEBUG] django.db.backends: (0.004) SELECT `account_account`.`id`, `account_account`.`password`, `account_account`.`last_login`, `account_account`.`email`, `account_account`.`is_active`, `account_account`.`is_admin` FROM `account_account` WHERE `account_account`.`id` = 1 ; args=(1,)
2014-06-02 22:27:43,691 [DEBUG] django.db.backends: (0.000) SELECT `account_account`.`id`, `account_account`.`password`, `account_account`.`last_login`, `account_account`.`email`, `account_account`.`is_active`, `account_account`.`is_admin` FROM `account_account` WHERE `account_account`.`email` = 'test@test.com' ; args=(u'test@test.com',)
2014-06-02 22:27:43,790 [DEBUG] django.db.backends: (0.000) SELECT `django_session`.`session_key`, `django_session`.`session_data`, `django_session`.`expire_date` FROM `django_session` WHERE (`django_session`.`session_key` = 'mnno5ktuscb8mdv5htspctgag9en7okt'  AND `django_session`.`expire_date` > '2014-06-02 22:27:43' ); args=('mnno5ktuscb8mdv5htspctgag9en7okt', u'2014-06-02 22:27:43')
2014-06-02 22:27:43,798 [DEBUG] django.db.backends: (0.007) UPDATE `account_account` SET `last_login` = '2014-06-02 22:27:43' WHERE `account_account`.`id` = 1 ; args=(u'2014-06-02 22:27:43', 1)
2014-06-02 22:27:43,822 [DEBUG] django.db.backends: (0.002) UPDATE `django_session` SET `session_data` = 'OGI0MmE0YTJjYzQ3NmJlMTRlMzc3ODA5Y2IxMTQ1ODc3OGY2MTE4Mzp7Il9hdXRoX3VzZXJfaWQiOjEsIl9hdXRoX3VzZXJfYmFja2VuZCI6ImRqYW5nby5jb250cmliLmF1dGguYmFja2VuZHMuTW9kZWxCYWNrZW5kIn0=', `expire_date` = '2014-06-16 22:27:43' WHERE `django_session`.`session_key` = 'mnno5ktuscb8mdv5htspctgag9en7okt' ; args=(u'OGI0MmE0YTJjYzQ3NmJlMTRlMzc3ODA5Y2IxMTQ1ODc3OGY2MTE4Mzp7Il9hdXRoX3VzZXJfaWQiOjEsIl9hdXRoX3VzZXJfYmFja2VuZCI6ImRqYW5nby5jb250cmliLmF1dGguYmFja2VuZHMuTW9kZWxCYWNrZW5kIn0=', u'2014-06-16 22:27:43', 'mnno5ktuscb8mdv5htspctgag9en7okt')
2014-06-02 22:27:43,835 [DEBUG] django.db.backends: (0.001) SELECT `django_session`.`session_key`, `django_session`.`session_data`, `django_session`.`expire_date` FROM `django_session` WHERE (`django_session`.`session_key` = 'mnno5ktuscb8mdv5htspctgag9en7okt'  AND `django_session`.`expire_date` > '2014-06-02 22:27:43' ); args=('mnno5ktuscb8mdv5htspctgag9en7okt', u'2014-06-02 22:27:43')
2014-06-02 22:27:43,836 [DEBUG] django.db.backends: (0.000) SELECT `account_account`.`id`, `account_account`.`password`, `account_account`.`last_login`, `account_account`.`email`, `account_account`.`is_active`, `account_account`.`is_admin` FROM `account_account` WHERE `account_account`.`id` = 1 ; args=(1,)
2014-06-02 22:34:21,140 [DEBUG] django.db.backends: (0.000) SELECT `django_session`.`session_key`, `django_session`.`session_data`, `django_session`.`expire_date` FROM `django_session` WHERE (`django_session`.`session_key` = 'mnno5ktuscb8mdv5htspctgag9en7okt'  AND `django_session`.`expire_date` > '2014-06-02 22:34:21' ); args=('mnno5ktuscb8mdv5htspctgag9en7okt', u'2014-06-02 22:34:21')
2014-06-02 22:34:21,142 [DEBUG] django.db.backends: (0.000) SELECT `account_account`.`id`, `account_account`.`password`, `account_account`.`last_login`, `account_account`.`email`, `account_account`.`is_active`, `account_account`.`is_admin` FROM `account_account` WHERE `account_account`.`id` = 1 ; args=(1,)
2014-06-02 22:34:21,142 [DEBUG] django.db.backends: (0.000) SELECT `django_session`.`session_key`, `django_session`.`session_data`, `django_session`.`expire_date` FROM `django_session` WHERE `django_session`.`session_key` = 'mnno5ktuscb8mdv5htspctgag9en7okt' ; args=('mnno5ktuscb8mdv5htspctgag9en7okt',)
2014-06-02 22:34:21,143 [DEBUG] django.db.backends: (0.000) DELETE FROM `django_session` WHERE `session_key` IN ('mnno5ktuscb8mdv5htspctgag9en7okt'); args=(u'mnno5ktuscb8mdv5htspctgag9en7okt',)
2014-06-02 22:34:21,190 [DEBUG] django.db.backends: (0.000) SELECT (1) AS `a` FROM `django_session` WHERE `django_session`.`session_key` = 'b7y4v0wap9lvq3btgboe1luq7qfuf3eu'  LIMIT 1; args=(u'b7y4v0wap9lvq3btgboe1luq7qfuf3eu',)
2014-06-02 22:34:21,202 [DEBUG] django.db.backends: (0.012) INSERT INTO `django_session` (`session_key`, `session_data`, `expire_date`) VALUES ('b7y4v0wap9lvq3btgboe1luq7qfuf3eu', 'YTU5YWEwNGI4NDEzNjJjNTJiOTVmNzZjYTZmOWVhZTZiZTUyM2RkNjp7fQ==', '2014-06-16 22:34:21'); args=(u'b7y4v0wap9lvq3btgboe1luq7qfuf3eu', u'YTU5YWEwNGI4NDEzNjJjNTJiOTVmNzZjYTZmOWVhZTZiZTUyM2RkNjp7fQ==', u'2014-06-16 22:34:21')
2014-06-02 22:34:21,238 [DEBUG] django.db.backends: (0.000) UPDATE `django_session` SET `session_data` = 'YTU5YWEwNGI4NDEzNjJjNTJiOTVmNzZjYTZmOWVhZTZiZTUyM2RkNjp7fQ==', `expire_date` = '2014-06-16 22:34:21' WHERE `django_session`.`session_key` = 'b7y4v0wap9lvq3btgboe1luq7qfuf3eu' ; args=(u'YTU5YWEwNGI4NDEzNjJjNTJiOTVmNzZjYTZmOWVhZTZiZTUyM2RkNjp7fQ==', u'2014-06-16 22:34:21', u'b7y4v0wap9lvq3btgboe1luq7qfuf3eu')
2014-06-02 22:35:42,433 [DEBUG] django.db.backends: (0.000) SELECT `django_session`.`session_key`, `django_session`.`session_data`, `django_session`.`expire_date` FROM `django_session` WHERE (`django_session`.`session_key` = 'b7y4v0wap9lvq3btgboe1luq7qfuf3eu'  AND `django_session`.`expire_date` > '2014-06-02 22:35:42' ); args=('b7y4v0wap9lvq3btgboe1luq7qfuf3eu', u'2014-06-02 22:35:42')
2014-06-02 22:35:42,434 [DEBUG] django.db.backends: (0.000) SELECT `django_session`.`session_key`, `django_session`.`session_data`, `django_session`.`expire_date` FROM `django_session` WHERE `django_session`.`session_key` = 'b7y4v0wap9lvq3btgboe1luq7qfuf3eu' ; args=('b7y4v0wap9lvq3btgboe1luq7qfuf3eu',)
2014-06-02 22:35:42,448 [DEBUG] django.db.backends: (0.014) DELETE FROM `django_session` WHERE `session_key` IN ('b7y4v0wap9lvq3btgboe1luq7qfuf3eu'); args=(u'b7y4v0wap9lvq3btgboe1luq7qfuf3eu',)
2014-06-02 22:35:42,464 [DEBUG] django.db.backends: (0.000) SELECT (1) AS `a` FROM `django_session` WHERE `django_session`.`session_key` = 'huew63mlbuyrrbx5kkyppp3pijr38viz'  LIMIT 1; args=(u'huew63mlbuyrrbx5kkyppp3pijr38viz',)
2014-06-02 22:35:42,465 [DEBUG] django.db.backends: (0.001) INSERT INTO `django_session` (`session_key`, `session_data`, `expire_date`) VALUES ('huew63mlbuyrrbx5kkyppp3pijr38viz', 'YTU5YWEwNGI4NDEzNjJjNTJiOTVmNzZjYTZmOWVhZTZiZTUyM2RkNjp7fQ==', '2014-06-16 22:35:42'); args=(u'huew63mlbuyrrbx5kkyppp3pijr38viz', u'YTU5YWEwNGI4NDEzNjJjNTJiOTVmNzZjYTZmOWVhZTZiZTUyM2RkNjp7fQ==', u'2014-06-16 22:35:42')
2014-06-02 22:35:42,471 [DEBUG] django.db.backends: (0.000) UPDATE `django_session` SET `session_data` = 'YTU5YWEwNGI4NDEzNjJjNTJiOTVmNzZjYTZmOWVhZTZiZTUyM2RkNjp7fQ==', `expire_date` = '2014-06-16 22:35:42' WHERE `django_session`.`session_key` = 'huew63mlbuyrrbx5kkyppp3pijr38viz' ; args=(u'YTU5YWEwNGI4NDEzNjJjNTJiOTVmNzZjYTZmOWVhZTZiZTUyM2RkNjp7fQ==', u'2014-06-16 22:35:42', u'huew63mlbuyrrbx5kkyppp3pijr38viz')
2014-06-02 22:35:49,265 [DEBUG] django.db.backends: (0.000) SELECT `django_session`.`session_key`, `django_session`.`session_data`, `django_session`.`expire_date` FROM `django_session` WHERE (`django_session`.`session_key` = 'huew63mlbuyrrbx5kkyppp3pijr38viz'  AND `django_session`.`expire_date` > '2014-06-02 22:35:49' ); args=('huew63mlbuyrrbx5kkyppp3pijr38viz', u'2014-06-02 22:35:49')
2014-06-02 22:35:49,266 [DEBUG] django.db.backends: (0.000) SELECT `django_session`.`session_key`, `django_session`.`session_data`, `django_session`.`expire_date` FROM `django_session` WHERE `django_session`.`session_key` = 'huew63mlbuyrrbx5kkyppp3pijr38viz' ; args=('huew63mlbuyrrbx5kkyppp3pijr38viz',)
2014-06-02 22:35:49,312 [DEBUG] django.db.backends: (0.045) DELETE FROM `django_session` WHERE `session_key` IN ('huew63mlbuyrrbx5kkyppp3pijr38viz'); args=(u'huew63mlbuyrrbx5kkyppp3pijr38viz',)
2014-06-02 22:35:49,341 [DEBUG] django.db.backends: (0.000) SELECT (1) AS `a` FROM `django_session` WHERE `django_session`.`session_key` = 'nwo7itdyq246d66tr1v6ot9lyet9cayk'  LIMIT 1; args=(u'nwo7itdyq246d66tr1v6ot9lyet9cayk',)
2014-06-02 22:35:49,342 [DEBUG] django.db.backends: (0.000) INSERT INTO `django_session` (`session_key`, `session_data`, `expire_date`) VALUES ('nwo7itdyq246d66tr1v6ot9lyet9cayk', 'YTU5YWEwNGI4NDEzNjJjNTJiOTVmNzZjYTZmOWVhZTZiZTUyM2RkNjp7fQ==', '2014-06-16 22:35:49'); args=(u'nwo7itdyq246d66tr1v6ot9lyet9cayk', u'YTU5YWEwNGI4NDEzNjJjNTJiOTVmNzZjYTZmOWVhZTZiZTUyM2RkNjp7fQ==', u'2014-06-16 22:35:49')
2014-06-02 22:35:49,361 [DEBUG] django.db.backends: (0.000) UPDATE `django_session` SET `session_data` = 'YTU5YWEwNGI4NDEzNjJjNTJiOTVmNzZjYTZmOWVhZTZiZTUyM2RkNjp7fQ==', `expire_date` = '2014-06-16 22:35:49' WHERE `django_session`.`session_key` = 'nwo7itdyq246d66tr1v6ot9lyet9cayk' ; args=(u'YTU5YWEwNGI4NDEzNjJjNTJiOTVmNzZjYTZmOWVhZTZiZTUyM2RkNjp7fQ==', u'2014-06-16 22:35:49', u'nwo7itdyq246d66tr1v6ot9lyet9cayk')
2014-06-02 22:36:00,396 [DEBUG] django.db.backends: (0.000) SELECT `django_session`.`session_key`, `django_session`.`session_data`, `django_session`.`expire_date` FROM `django_session` WHERE (`django_session`.`session_key` = 'nwo7itdyq246d66tr1v6ot9lyet9cayk'  AND `django_session`.`expire_date` > '2014-06-02 22:36:00' ); args=('nwo7itdyq246d66tr1v6ot9lyet9cayk', u'2014-06-02 22:36:00')
2014-06-02 22:36:00,397 [DEBUG] django.db.backends: (0.000) SELECT `django_session`.`session_key`, `django_session`.`session_data`, `django_session`.`expire_date` FROM `django_session` WHERE `django_session`.`session_key` = 'nwo7itdyq246d66tr1v6ot9lyet9cayk' ; args=('nwo7itdyq246d66tr1v6ot9lyet9cayk',)
2014-06-02 22:36:00,399 [DEBUG] django.db.backends: (0.001) DELETE FROM `django_session` WHERE `session_key` IN ('nwo7itdyq246d66tr1v6ot9lyet9cayk'); args=(u'nwo7itdyq246d66tr1v6ot9lyet9cayk',)
2014-06-02 22:36:00,425 [DEBUG] django.db.backends: (0.000) SELECT (1) AS `a` FROM `django_session` WHERE `django_session`.`session_key` = 'cjbn0rahsp3v3kubzsrz1p0ucteit0ar'  LIMIT 1; args=(u'cjbn0rahsp3v3kubzsrz1p0ucteit0ar',)
2014-06-02 22:36:00,426 [DEBUG] django.db.backends: (0.000) INSERT INTO `django_session` (`session_key`, `session_data`, `expire_date`) VALUES ('cjbn0rahsp3v3kubzsrz1p0ucteit0ar', 'YTU5YWEwNGI4NDEzNjJjNTJiOTVmNzZjYTZmOWVhZTZiZTUyM2RkNjp7fQ==', '2014-06-16 22:36:00'); args=(u'cjbn0rahsp3v3kubzsrz1p0ucteit0ar', u'YTU5YWEwNGI4NDEzNjJjNTJiOTVmNzZjYTZmOWVhZTZiZTUyM2RkNjp7fQ==', u'2014-06-16 22:36:00')
2014-06-02 22:36:00,434 [DEBUG] django.db.backends: (0.001) UPDATE `django_session` SET `session_data` = 'YTU5YWEwNGI4NDEzNjJjNTJiOTVmNzZjYTZmOWVhZTZiZTUyM2RkNjp7fQ==', `expire_date` = '2014-06-16 22:36:00' WHERE `django_session`.`session_key` = 'cjbn0rahsp3v3kubzsrz1p0ucteit0ar' ; args=(u'YTU5YWEwNGI4NDEzNjJjNTJiOTVmNzZjYTZmOWVhZTZiZTUyM2RkNjp7fQ==', u'2014-06-16 22:36:00', u'cjbn0rahsp3v3kubzsrz1p0ucteit0ar')
2014-06-02 22:37:04,791 [DEBUG] django.db.backends: (0.000) SELECT `django_session`.`session_key`, `django_session`.`session_data`, `django_session`.`expire_date` FROM `django_session` WHERE (`django_session`.`session_key` = 'cjbn0rahsp3v3kubzsrz1p0ucteit0ar'  AND `django_session`.`expire_date` > '2014-06-02 22:37:04' ); args=('cjbn0rahsp3v3kubzsrz1p0ucteit0ar', u'2014-06-02 22:37:04')
2014-06-02 22:37:04,792 [DEBUG] django.db.backends: (0.000) SELECT `django_session`.`session_key`, `django_session`.`session_data`, `django_session`.`expire_date` FROM `django_session` WHERE `django_session`.`session_key` = 'cjbn0rahsp3v3kubzsrz1p0ucteit0ar' ; args=('cjbn0rahsp3v3kubzsrz1p0ucteit0ar',)
2014-06-02 22:37:04,820 [DEBUG] django.db.backends: (0.027) DELETE FROM `django_session` WHERE `session_key` IN ('cjbn0rahsp3v3kubzsrz1p0ucteit0ar'); args=(u'cjbn0rahsp3v3kubzsrz1p0ucteit0ar',)
2014-06-02 22:37:05,030 [DEBUG] django.db.backends: (0.000) SELECT (1) AS `a` FROM `django_session` WHERE `django_session`.`session_key` = 'sir43il1kn5y7fom7i2pvylv7ji1d34d'  LIMIT 1; args=(u'sir43il1kn5y7fom7i2pvylv7ji1d34d',)
2014-06-02 22:37:05,031 [DEBUG] django.db.backends: (0.000) INSERT INTO `django_session` (`session_key`, `session_data`, `expire_date`) VALUES ('sir43il1kn5y7fom7i2pvylv7ji1d34d', 'YTU5YWEwNGI4NDEzNjJjNTJiOTVmNzZjYTZmOWVhZTZiZTUyM2RkNjp7fQ==', '2014-06-16 22:37:05'); args=(u'sir43il1kn5y7fom7i2pvylv7ji1d34d', u'YTU5YWEwNGI4NDEzNjJjNTJiOTVmNzZjYTZmOWVhZTZiZTUyM2RkNjp7fQ==', u'2014-06-16 22:37:05')
2014-06-02 22:37:05,039 [DEBUG] django.db.backends: (0.001) UPDATE `django_session` SET `session_data` = 'YTU5YWEwNGI4NDEzNjJjNTJiOTVmNzZjYTZmOWVhZTZiZTUyM2RkNjp7fQ==', `expire_date` = '2014-06-16 22:37:05' WHERE `django_session`.`session_key` = 'sir43il1kn5y7fom7i2pvylv7ji1d34d' ; args=(u'YTU5YWEwNGI4NDEzNjJjNTJiOTVmNzZjYTZmOWVhZTZiZTUyM2RkNjp7fQ==', u'2014-06-16 22:37:05', u'sir43il1kn5y7fom7i2pvylv7ji1d34d')
2014-06-02 22:38:17,875 [DEBUG] django.db.backends: (0.000) SELECT `account_account`.`id`, `account_account`.`password`, `account_account`.`last_login`, `account_account`.`email`, `account_account`.`is_active`, `account_account`.`is_admin` FROM `account_account` WHERE `account_account`.`email` = 'test@test.com' ; args=(u'test@test.com',)
2014-06-02 22:38:17,920 [DEBUG] django.db.backends: (0.000) SELECT `django_session`.`session_key`, `django_session`.`session_data`, `django_session`.`expire_date` FROM `django_session` WHERE (`django_session`.`session_key` = 'sir43il1kn5y7fom7i2pvylv7ji1d34d'  AND `django_session`.`expire_date` > '2014-06-02 22:38:17' ); args=('sir43il1kn5y7fom7i2pvylv7ji1d34d', u'2014-06-02 22:38:17')
2014-06-02 22:38:17,922 [DEBUG] django.db.backends: (0.001) SELECT (1) AS `a` FROM `django_session` WHERE `django_session`.`session_key` = '16jqsx33v73q7vc9woryycj2puzccxiu'  LIMIT 1; args=(u'16jqsx33v73q7vc9woryycj2puzccxiu',)
2014-06-02 22:38:17,923 [DEBUG] django.db.backends: (0.000) INSERT INTO `django_session` (`session_key`, `session_data`, `expire_date`) VALUES ('16jqsx33v73q7vc9woryycj2puzccxiu', 'YTU5YWEwNGI4NDEzNjJjNTJiOTVmNzZjYTZmOWVhZTZiZTUyM2RkNjp7fQ==', '2014-06-16 22:38:17'); args=(u'16jqsx33v73q7vc9woryycj2puzccxiu', u'YTU5YWEwNGI4NDEzNjJjNTJiOTVmNzZjYTZmOWVhZTZiZTUyM2RkNjp7fQ==', u'2014-06-16 22:38:17')
2014-06-02 22:38:17,926 [DEBUG] django.db.backends: (0.000) SELECT `django_session`.`session_key`, `django_session`.`session_data`, `django_session`.`expire_date` FROM `django_session` WHERE `django_session`.`session_key` = 'sir43il1kn5y7fom7i2pvylv7ji1d34d' ; args=('sir43il1kn5y7fom7i2pvylv7ji1d34d',)
2014-06-02 22:38:17,936 [DEBUG] django.db.backends: (0.010) DELETE FROM `django_session` WHERE `session_key` IN ('sir43il1kn5y7fom7i2pvylv7ji1d34d'); args=(u'sir43il1kn5y7fom7i2pvylv7ji1d34d',)
2014-06-02 22:38:17,953 [DEBUG] django.db.backends: (0.001) UPDATE `account_account` SET `last_login` = '2014-06-02 22:38:17' WHERE `account_account`.`id` = 1 ; args=(u'2014-06-02 22:38:17', 1)
2014-06-02 22:38:17,957 [DEBUG] django.db.backends: (0.001) UPDATE `django_session` SET `session_data` = 'NDE4ZWYzNzFhYTkyMGNlZjU4NWM0ODY3MDhmOTIzMjRmZDQ4MTc1Mzp7Il9hdXRoX3VzZXJfYmFja2VuZCI6ImRqYW5nby5jb250cmliLmF1dGguYmFja2VuZHMuTW9kZWxCYWNrZW5kIiwiX2F1dGhfdXNlcl9pZCI6MX0=', `expire_date` = '2014-06-16 22:38:17' WHERE `django_session`.`session_key` = '16jqsx33v73q7vc9woryycj2puzccxiu' ; args=(u'NDE4ZWYzNzFhYTkyMGNlZjU4NWM0ODY3MDhmOTIzMjRmZDQ4MTc1Mzp7Il9hdXRoX3VzZXJfYmFja2VuZCI6ImRqYW5nby5jb250cmliLmF1dGguYmFja2VuZHMuTW9kZWxCYWNrZW5kIiwiX2F1dGhfdXNlcl9pZCI6MX0=', u'2014-06-16 22:38:17', u'16jqsx33v73q7vc9woryycj2puzccxiu')
2014-06-02 22:38:17,970 [DEBUG] django.db.backends: (0.000) SELECT `django_session`.`session_key`, `django_session`.`session_data`, `django_session`.`expire_date` FROM `django_session` WHERE (`django_session`.`session_key` = '16jqsx33v73q7vc9woryycj2puzccxiu'  AND `django_session`.`expire_date` > '2014-06-02 22:38:17' ); args=('16jqsx33v73q7vc9woryycj2puzccxiu', u'2014-06-02 22:38:17')
2014-06-02 22:38:17,971 [DEBUG] django.db.backends: (0.000) SELECT `account_account`.`id`, `account_account`.`password`, `account_account`.`last_login`, `account_account`.`email`, `account_account`.`is_active`, `account_account`.`is_admin` FROM `account_account` WHERE `account_account`.`id` = 1 ; args=(1,)
2014-06-02 22:38:20,174 [DEBUG] django.db.backends: (0.000) SELECT `django_session`.`session_key`, `django_session`.`session_data`, `django_session`.`expire_date` FROM `django_session` WHERE (`django_session`.`session_key` = '16jqsx33v73q7vc9woryycj2puzccxiu'  AND `django_session`.`expire_date` > '2014-06-02 22:38:20' ); args=('16jqsx33v73q7vc9woryycj2puzccxiu', u'2014-06-02 22:38:20')
2014-06-02 22:38:20,175 [DEBUG] django.db.backends: (0.000) SELECT `account_account`.`id`, `account_account`.`password`, `account_account`.`last_login`, `account_account`.`email`, `account_account`.`is_active`, `account_account`.`is_admin` FROM `account_account` WHERE `account_account`.`id` = 1 ; args=(1,)
2014-06-02 22:38:20,178 [DEBUG] django.db.backends: (0.002) SELECT `django_session`.`session_key`, `django_session`.`session_data`, `django_session`.`expire_date` FROM `django_session` WHERE `django_session`.`session_key` = '16jqsx33v73q7vc9woryycj2puzccxiu' ; args=('16jqsx33v73q7vc9woryycj2puzccxiu',)
2014-06-02 22:38:20,204 [DEBUG] django.db.backends: (0.023) DELETE FROM `django_session` WHERE `session_key` IN ('16jqsx33v73q7vc9woryycj2puzccxiu'); args=(u'16jqsx33v73q7vc9woryycj2puzccxiu',)
2014-06-02 22:38:20,221 [DEBUG] django.db.backends: (0.000) SELECT (1) AS `a` FROM `django_session` WHERE `django_session`.`session_key` = 'q826gpvm2hfutsyf0l4020xg82yg0des'  LIMIT 1; args=(u'q826gpvm2hfutsyf0l4020xg82yg0des',)
2014-06-02 22:38:20,222 [DEBUG] django.db.backends: (0.000) INSERT INTO `django_session` (`session_key`, `session_data`, `expire_date`) VALUES ('q826gpvm2hfutsyf0l4020xg82yg0des', 'YTU5YWEwNGI4NDEzNjJjNTJiOTVmNzZjYTZmOWVhZTZiZTUyM2RkNjp7fQ==', '2014-06-16 22:38:20'); args=(u'q826gpvm2hfutsyf0l4020xg82yg0des', u'YTU5YWEwNGI4NDEzNjJjNTJiOTVmNzZjYTZmOWVhZTZiZTUyM2RkNjp7fQ==', u'2014-06-16 22:38:20')
2014-06-02 22:38:20,238 [DEBUG] django.db.backends: (0.012) UPDATE `django_session` SET `session_data` = 'YTU5YWEwNGI4NDEzNjJjNTJiOTVmNzZjYTZmOWVhZTZiZTUyM2RkNjp7fQ==', `expire_date` = '2014-06-16 22:38:20' WHERE `django_session`.`session_key` = 'q826gpvm2hfutsyf0l4020xg82yg0des' ; args=(u'YTU5YWEwNGI4NDEzNjJjNTJiOTVmNzZjYTZmOWVhZTZiZTUyM2RkNjp7fQ==', u'2014-06-16 22:38:20', u'q826gpvm2hfutsyf0l4020xg82yg0des')
2014-06-02 22:38:25,839 [DEBUG] django.db.backends: (0.000) SELECT `account_account`.`id`, `account_account`.`password`, `account_account`.`last_login`, `account_account`.`email`, `account_account`.`is_active`, `account_account`.`is_admin` FROM `account_account` WHERE `account_account`.`email` = 'test@test.com' ; args=(u'test@test.com',)
2014-06-02 22:38:25,893 [DEBUG] django.db.backends: (0.000) SELECT `django_session`.`session_key`, `django_session`.`session_data`, `django_session`.`expire_date` FROM `django_session` WHERE (`django_session`.`session_key` = 'q826gpvm2hfutsyf0l4020xg82yg0des'  AND `django_session`.`expire_date` > '2014-06-02 22:38:25' ); args=('q826gpvm2hfutsyf0l4020xg82yg0des', u'2014-06-02 22:38:25')
2014-06-02 22:38:25,894 [DEBUG] django.db.backends: (0.000) SELECT (1) AS `a` FROM `django_session` WHERE `django_session`.`session_key` = 'ka6tds2jthsclpou8jt26m7f3bjteuc0'  LIMIT 1; args=(u'ka6tds2jthsclpou8jt26m7f3bjteuc0',)
2014-06-02 22:38:25,909 [DEBUG] django.db.backends: (0.015) INSERT INTO `django_session` (`session_key`, `session_data`, `expire_date`) VALUES ('ka6tds2jthsclpou8jt26m7f3bjteuc0', 'YTU5YWEwNGI4NDEzNjJjNTJiOTVmNzZjYTZmOWVhZTZiZTUyM2RkNjp7fQ==', '2014-06-16 22:38:25'); args=(u'ka6tds2jthsclpou8jt26m7f3bjteuc0', u'YTU5YWEwNGI4NDEzNjJjNTJiOTVmNzZjYTZmOWVhZTZiZTUyM2RkNjp7fQ==', u'2014-06-16 22:38:25')
2014-06-02 22:38:25,929 [DEBUG] django.db.backends: (0.000) SELECT `django_session`.`session_key`, `django_session`.`session_data`, `django_session`.`expire_date` FROM `django_session` WHERE `django_session`.`session_key` = 'q826gpvm2hfutsyf0l4020xg82yg0des' ; args=('q826gpvm2hfutsyf0l4020xg82yg0des',)
2014-06-02 22:38:25,930 [DEBUG] django.db.backends: (0.000) DELETE FROM `django_session` WHERE `session_key` IN ('q826gpvm2hfutsyf0l4020xg82yg0des'); args=(u'q826gpvm2hfutsyf0l4020xg82yg0des',)
2014-06-02 22:38:25,935 [DEBUG] django.db.backends: (0.001) UPDATE `account_account` SET `last_login` = '2014-06-02 22:38:25' WHERE `account_account`.`id` = 1 ; args=(u'2014-06-02 22:38:25', 1)
2014-06-02 22:38:25,939 [DEBUG] django.db.backends: (0.001) UPDATE `django_session` SET `session_data` = 'NDE4ZWYzNzFhYTkyMGNlZjU4NWM0ODY3MDhmOTIzMjRmZDQ4MTc1Mzp7Il9hdXRoX3VzZXJfYmFja2VuZCI6ImRqYW5nby5jb250cmliLmF1dGguYmFja2VuZHMuTW9kZWxCYWNrZW5kIiwiX2F1dGhfdXNlcl9pZCI6MX0=', `expire_date` = '2014-06-16 22:38:25' WHERE `django_session`.`session_key` = 'ka6tds2jthsclpou8jt26m7f3bjteuc0' ; args=(u'NDE4ZWYzNzFhYTkyMGNlZjU4NWM0ODY3MDhmOTIzMjRmZDQ4MTc1Mzp7Il9hdXRoX3VzZXJfYmFja2VuZCI6ImRqYW5nby5jb250cmliLmF1dGguYmFja2VuZHMuTW9kZWxCYWNrZW5kIiwiX2F1dGhfdXNlcl9pZCI6MX0=', u'2014-06-16 22:38:25', u'ka6tds2jthsclpou8jt26m7f3bjteuc0')
2014-06-02 22:38:25,952 [DEBUG] django.db.backends: (0.000) SELECT `django_session`.`session_key`, `django_session`.`session_data`, `django_session`.`expire_date` FROM `django_session` WHERE (`django_session`.`session_key` = 'ka6tds2jthsclpou8jt26m7f3bjteuc0'  AND `django_session`.`expire_date` > '2014-06-02 22:38:25' ); args=('ka6tds2jthsclpou8jt26m7f3bjteuc0', u'2014-06-02 22:38:25')
2014-06-02 22:38:25,953 [DEBUG] django.db.backends: (0.000) SELECT `account_account`.`id`, `account_account`.`password`, `account_account`.`last_login`, `account_account`.`email`, `account_account`.`is_active`, `account_account`.`is_admin` FROM `account_account` WHERE `account_account`.`id` = 1 ; args=(1,)
2014-06-02 22:38:31,390 [DEBUG] django.db.backends: (0.000) SELECT `django_session`.`session_key`, `django_session`.`session_data`, `django_session`.`expire_date` FROM `django_session` WHERE (`django_session`.`session_key` = 'ka6tds2jthsclpou8jt26m7f3bjteuc0'  AND `django_session`.`expire_date` > '2014-06-02 22:38:31' ); args=('ka6tds2jthsclpou8jt26m7f3bjteuc0', u'2014-06-02 22:38:31')
2014-06-02 22:38:31,391 [DEBUG] django.db.backends: (0.000) SELECT `account_account`.`id`, `account_account`.`password`, `account_account`.`last_login`, `account_account`.`email`, `account_account`.`is_active`, `account_account`.`is_admin` FROM `account_account` WHERE `account_account`.`id` = 1 ; args=(1,)
2014-06-02 22:38:31,393 [DEBUG] django.db.backends: (0.001) SELECT `django_session`.`session_key`, `django_session`.`session_data`, `django_session`.`expire_date` FROM `django_session` WHERE `django_session`.`session_key` = 'ka6tds2jthsclpou8jt26m7f3bjteuc0' ; args=('ka6tds2jthsclpou8jt26m7f3bjteuc0',)
2014-06-02 22:38:31,395 [DEBUG] django.db.backends: (0.001) DELETE FROM `django_session` WHERE `session_key` IN ('ka6tds2jthsclpou8jt26m7f3bjteuc0'); args=(u'ka6tds2jthsclpou8jt26m7f3bjteuc0',)
2014-06-02 22:38:31,415 [DEBUG] django.db.backends: (0.000) SELECT (1) AS `a` FROM `django_session` WHERE `django_session`.`session_key` = 'xnrezk5g2afb1u4v8cgmkry7t1f6lea6'  LIMIT 1; args=(u'xnrezk5g2afb1u4v8cgmkry7t1f6lea6',)
2014-06-02 22:38:31,416 [DEBUG] django.db.backends: (0.000) INSERT INTO `django_session` (`session_key`, `session_data`, `expire_date`) VALUES ('xnrezk5g2afb1u4v8cgmkry7t1f6lea6', 'YTU5YWEwNGI4NDEzNjJjNTJiOTVmNzZjYTZmOWVhZTZiZTUyM2RkNjp7fQ==', '2014-06-16 22:38:31'); args=(u'xnrezk5g2afb1u4v8cgmkry7t1f6lea6', u'YTU5YWEwNGI4NDEzNjJjNTJiOTVmNzZjYTZmOWVhZTZiZTUyM2RkNjp7fQ==', u'2014-06-16 22:38:31')
2014-06-02 22:38:31,461 [DEBUG] django.db.backends: (0.038) UPDATE `django_session` SET `session_data` = 'YTU5YWEwNGI4NDEzNjJjNTJiOTVmNzZjYTZmOWVhZTZiZTUyM2RkNjp7fQ==', `expire_date` = '2014-06-16 22:38:31' WHERE `django_session`.`session_key` = 'xnrezk5g2afb1u4v8cgmkry7t1f6lea6' ; args=(u'YTU5YWEwNGI4NDEzNjJjNTJiOTVmNzZjYTZmOWVhZTZiZTUyM2RkNjp7fQ==', u'2014-06-16 22:38:31', u'xnrezk5g2afb1u4v8cgmkry7t1f6lea6')
2014-06-02 22:38:34,355 [DEBUG] django.db.backends: (0.000) SELECT `django_session`.`session_key`, `django_session`.`session_data`, `django_session`.`expire_date` FROM `django_session` WHERE (`django_session`.`session_key` = 'xnrezk5g2afb1u4v8cgmkry7t1f6lea6'  AND `django_session`.`expire_date` > '2014-06-02 22:38:34' ); args=('xnrezk5g2afb1u4v8cgmkry7t1f6lea6', u'2014-06-02 22:38:34')
2014-06-02 22:38:34,358 [DEBUG] django.db.backends: (0.000) SELECT `django_session`.`session_key`, `django_session`.`session_data`, `django_session`.`expire_date` FROM `django_session` WHERE `django_session`.`session_key` = 'xnrezk5g2afb1u4v8cgmkry7t1f6lea6' ; args=('xnrezk5g2afb1u4v8cgmkry7t1f6lea6',)
2014-06-02 22:38:34,381 [DEBUG] django.db.backends: (0.022) DELETE FROM `django_session` WHERE `session_key` IN ('xnrezk5g2afb1u4v8cgmkry7t1f6lea6'); args=(u'xnrezk5g2afb1u4v8cgmkry7t1f6lea6',)
2014-06-02 22:38:34,400 [DEBUG] django.db.backends: (0.000) SELECT (1) AS `a` FROM `django_session` WHERE `django_session`.`session_key` = 'eo247oslr2v7dtmomg8oudm0udp8w9uc'  LIMIT 1; args=(u'eo247oslr2v7dtmomg8oudm0udp8w9uc',)
2014-06-02 22:38:34,401 [DEBUG] django.db.backends: (0.001) INSERT INTO `django_session` (`session_key`, `session_data`, `expire_date`) VALUES ('eo247oslr2v7dtmomg8oudm0udp8w9uc', 'YTU5YWEwNGI4NDEzNjJjNTJiOTVmNzZjYTZmOWVhZTZiZTUyM2RkNjp7fQ==', '2014-06-16 22:38:34'); args=(u'eo247oslr2v7dtmomg8oudm0udp8w9uc', u'YTU5YWEwNGI4NDEzNjJjNTJiOTVmNzZjYTZmOWVhZTZiZTUyM2RkNjp7fQ==', u'2014-06-16 22:38:34')
2014-06-02 22:38:34,408 [DEBUG] django.db.backends: (0.000) UPDATE `django_session` SET `session_data` = 'YTU5YWEwNGI4NDEzNjJjNTJiOTVmNzZjYTZmOWVhZTZiZTUyM2RkNjp7fQ==', `expire_date` = '2014-06-16 22:38:34' WHERE `django_session`.`session_key` = 'eo247oslr2v7dtmomg8oudm0udp8w9uc' ; args=(u'YTU5YWEwNGI4NDEzNjJjNTJiOTVmNzZjYTZmOWVhZTZiZTUyM2RkNjp7fQ==', u'2014-06-16 22:38:34', u'eo247oslr2v7dtmomg8oudm0udp8w9uc')
2014-06-02 22:38:39,922 [DEBUG] django.db.backends: (0.000) SELECT `account_account`.`id`, `account_account`.`password`, `account_account`.`last_login`, `account_account`.`email`, `account_account`.`is_active`, `account_account`.`is_admin` FROM `account_account` WHERE `account_account`.`email` = 'test@test.com' ; args=(u'test@test.com',)
2014-06-02 22:38:39,979 [DEBUG] django.db.backends: (0.000) SELECT `django_session`.`session_key`, `django_session`.`session_data`, `django_session`.`expire_date` FROM `django_session` WHERE (`django_session`.`session_key` = 'eo247oslr2v7dtmomg8oudm0udp8w9uc'  AND `django_session`.`expire_date` > '2014-06-02 22:38:39' ); args=('eo247oslr2v7dtmomg8oudm0udp8w9uc', u'2014-06-02 22:38:39')
2014-06-02 22:38:39,982 [DEBUG] django.db.backends: (0.000) SELECT (1) AS `a` FROM `django_session` WHERE `django_session`.`session_key` = 'g99qkgtfr69m692iia8ltokppabi719c'  LIMIT 1; args=(u'g99qkgtfr69m692iia8ltokppabi719c',)
2014-06-02 22:38:39,997 [DEBUG] django.db.backends: (0.013) INSERT INTO `django_session` (`session_key`, `session_data`, `expire_date`) VALUES ('g99qkgtfr69m692iia8ltokppabi719c', 'YTU5YWEwNGI4NDEzNjJjNTJiOTVmNzZjYTZmOWVhZTZiZTUyM2RkNjp7fQ==', '2014-06-16 22:38:39'); args=(u'g99qkgtfr69m692iia8ltokppabi719c', u'YTU5YWEwNGI4NDEzNjJjNTJiOTVmNzZjYTZmOWVhZTZiZTUyM2RkNjp7fQ==', u'2014-06-16 22:38:39')
2014-06-02 22:38:40,014 [DEBUG] django.db.backends: (0.001) SELECT `django_session`.`session_key`, `django_session`.`session_data`, `django_session`.`expire_date` FROM `django_session` WHERE `django_session`.`session_key` = 'eo247oslr2v7dtmomg8oudm0udp8w9uc' ; args=('eo247oslr2v7dtmomg8oudm0udp8w9uc',)
2014-06-02 22:38:40,017 [DEBUG] django.db.backends: (0.002) DELETE FROM `django_session` WHERE `session_key` IN ('eo247oslr2v7dtmomg8oudm0udp8w9uc'); args=(u'eo247oslr2v7dtmomg8oudm0udp8w9uc',)
2014-06-02 22:38:40,028 [DEBUG] django.db.backends: (0.001) UPDATE `account_account` SET `last_login` = '2014-06-02 22:38:40' WHERE `account_account`.`id` = 1 ; args=(u'2014-06-02 22:38:40', 1)
2014-06-02 22:38:40,040 [DEBUG] django.db.backends: (0.008) UPDATE `django_session` SET `session_data` = 'NDE4ZWYzNzFhYTkyMGNlZjU4NWM0ODY3MDhmOTIzMjRmZDQ4MTc1Mzp7Il9hdXRoX3VzZXJfYmFja2VuZCI6ImRqYW5nby5jb250cmliLmF1dGguYmFja2VuZHMuTW9kZWxCYWNrZW5kIiwiX2F1dGhfdXNlcl9pZCI6MX0=', `expire_date` = '2014-06-16 22:38:40' WHERE `django_session`.`session_key` = 'g99qkgtfr69m692iia8ltokppabi719c' ; args=(u'NDE4ZWYzNzFhYTkyMGNlZjU4NWM0ODY3MDhmOTIzMjRmZDQ4MTc1Mzp7Il9hdXRoX3VzZXJfYmFja2VuZCI6ImRqYW5nby5jb250cmliLmF1dGguYmFja2VuZHMuTW9kZWxCYWNrZW5kIiwiX2F1dGhfdXNlcl9pZCI6MX0=', u'2014-06-16 22:38:40', u'g99qkgtfr69m692iia8ltokppabi719c')
2014-06-02 22:38:40,056 [DEBUG] django.db.backends: (0.000) SELECT `django_session`.`session_key`, `django_session`.`session_data`, `django_session`.`expire_date` FROM `django_session` WHERE (`django_session`.`session_key` = 'g99qkgtfr69m692iia8ltokppabi719c'  AND `django_session`.`expire_date` > '2014-06-02 22:38:40' ); args=('g99qkgtfr69m692iia8ltokppabi719c', u'2014-06-02 22:38:40')
2014-06-02 22:38:40,057 [DEBUG] django.db.backends: (0.000) SELECT `account_account`.`id`, `account_account`.`password`, `account_account`.`last_login`, `account_account`.`email`, `account_account`.`is_active`, `account_account`.`is_admin` FROM `account_account` WHERE `account_account`.`id` = 1 ; args=(1,)
2014-06-02 22:38:44,679 [DEBUG] django.db.backends: (0.000) SELECT `django_session`.`session_key`, `django_session`.`session_data`, `django_session`.`expire_date` FROM `django_session` WHERE (`django_session`.`session_key` = 'g99qkgtfr69m692iia8ltokppabi719c'  AND `django_session`.`expire_date` > '2014-06-02 22:38:44' ); args=('g99qkgtfr69m692iia8ltokppabi719c', u'2014-06-02 22:38:44')
2014-06-02 22:38:44,680 [DEBUG] django.db.backends: (0.001) SELECT `account_account`.`id`, `account_account`.`password`, `account_account`.`last_login`, `account_account`.`email`, `account_account`.`is_active`, `account_account`.`is_admin` FROM `account_account` WHERE `account_account`.`id` = 1 ; args=(1,)
2014-06-02 22:38:44,682 [DEBUG] django.db.backends: (0.001) SELECT `django_session`.`session_key`, `django_session`.`session_data`, `django_session`.`expire_date` FROM `django_session` WHERE `django_session`.`session_key` = 'g99qkgtfr69m692iia8ltokppabi719c' ; args=('g99qkgtfr69m692iia8ltokppabi719c',)
2014-06-02 22:38:44,686 [DEBUG] django.db.backends: (0.003) DELETE FROM `django_session` WHERE `session_key` IN ('g99qkgtfr69m692iia8ltokppabi719c'); args=(u'g99qkgtfr69m692iia8ltokppabi719c',)
2014-06-02 22:38:44,726 [DEBUG] django.db.backends: (0.001) SELECT (1) AS `a` FROM `django_session` WHERE `django_session`.`session_key` = 't5npn9vgcssjw4xcl9qnieue3t9o4yy9'  LIMIT 1; args=(u't5npn9vgcssjw4xcl9qnieue3t9o4yy9',)
2014-06-02 22:38:44,742 [DEBUG] django.db.backends: (0.015) INSERT INTO `django_session` (`session_key`, `session_data`, `expire_date`) VALUES ('t5npn9vgcssjw4xcl9qnieue3t9o4yy9', 'YTU5YWEwNGI4NDEzNjJjNTJiOTVmNzZjYTZmOWVhZTZiZTUyM2RkNjp7fQ==', '2014-06-16 22:38:44'); args=(u't5npn9vgcssjw4xcl9qnieue3t9o4yy9', u'YTU5YWEwNGI4NDEzNjJjNTJiOTVmNzZjYTZmOWVhZTZiZTUyM2RkNjp7fQ==', u'2014-06-16 22:38:44')
2014-06-02 22:38:44,752 [DEBUG] django.db.backends: (0.000) UPDATE `django_session` SET `session_data` = 'YTU5YWEwNGI4NDEzNjJjNTJiOTVmNzZjYTZmOWVhZTZiZTUyM2RkNjp7fQ==', `expire_date` = '2014-06-16 22:38:44' WHERE `django_session`.`session_key` = 't5npn9vgcssjw4xcl9qnieue3t9o4yy9' ; args=(u'YTU5YWEwNGI4NDEzNjJjNTJiOTVmNzZjYTZmOWVhZTZiZTUyM2RkNjp7fQ==', u'2014-06-16 22:38:44', u't5npn9vgcssjw4xcl9qnieue3t9o4yy9')
2014-06-02 22:38:49,367 [DEBUG] django.db.backends: (0.000) SELECT `account_account`.`id`, `account_account`.`password`, `account_account`.`last_login`, `account_account`.`email`, `account_account`.`is_active`, `account_account`.`is_admin` FROM `account_account` WHERE `account_account`.`email` = 'test@test.com' ; args=(u'test@test.com',)
2014-06-02 22:40:02,230 [DEBUG] django.db.backends: (0.000) SELECT `account_account`.`id`, `account_account`.`password`, `account_account`.`last_login`, `account_account`.`email`, `account_account`.`is_active`, `account_account`.`is_admin` FROM `account_account` WHERE `account_account`.`email` = 'test@test.com' ; args=(u'test@test.com',)
2014-06-02 22:40:02,272 [DEBUG] django.db.backends: (0.001) SELECT `django_session`.`session_key`, `django_session`.`session_data`, `django_session`.`expire_date` FROM `django_session` WHERE (`django_session`.`session_key` = 't5npn9vgcssjw4xcl9qnieue3t9o4yy9'  AND `django_session`.`expire_date` > '2014-06-02 22:40:02' ); args=('t5npn9vgcssjw4xcl9qnieue3t9o4yy9', u'2014-06-02 22:40:02')
2014-06-02 22:40:02,275 [DEBUG] django.db.backends: (0.000) SELECT (1) AS `a` FROM `django_session` WHERE `django_session`.`session_key` = 'way09xj4nmqr1y0far3vgezx9cs98hqe'  LIMIT 1; args=(u'way09xj4nmqr1y0far3vgezx9cs98hqe',)
2014-06-02 22:40:02,291 [DEBUG] django.db.backends: (0.015) INSERT INTO `django_session` (`session_key`, `session_data`, `expire_date`) VALUES ('way09xj4nmqr1y0far3vgezx9cs98hqe', 'YTU5YWEwNGI4NDEzNjJjNTJiOTVmNzZjYTZmOWVhZTZiZTUyM2RkNjp7fQ==', '2014-06-16 22:40:02'); args=(u'way09xj4nmqr1y0far3vgezx9cs98hqe', u'YTU5YWEwNGI4NDEzNjJjNTJiOTVmNzZjYTZmOWVhZTZiZTUyM2RkNjp7fQ==', u'2014-06-16 22:40:02')
2014-06-02 22:40:02,301 [DEBUG] django.db.backends: (0.000) SELECT `django_session`.`session_key`, `django_session`.`session_data`, `django_session`.`expire_date` FROM `django_session` WHERE `django_session`.`session_key` = 't5npn9vgcssjw4xcl9qnieue3t9o4yy9' ; args=('t5npn9vgcssjw4xcl9qnieue3t9o4yy9',)
2014-06-02 22:40:02,305 [DEBUG] django.db.backends: (0.001) DELETE FROM `django_session` WHERE `session_key` IN ('t5npn9vgcssjw4xcl9qnieue3t9o4yy9'); args=(u't5npn9vgcssjw4xcl9qnieue3t9o4yy9',)
2014-06-02 22:40:02,310 [DEBUG] django.db.backends: (0.001) UPDATE `account_account` SET `last_login` = '2014-06-02 22:40:02' WHERE `account_account`.`id` = 1 ; args=(u'2014-06-02 22:40:02', 1)
2014-06-02 22:40:02,325 [DEBUG] django.db.backends: (0.011) UPDATE `django_session` SET `session_data` = 'NDE4ZWYzNzFhYTkyMGNlZjU4NWM0ODY3MDhmOTIzMjRmZDQ4MTc1Mzp7Il9hdXRoX3VzZXJfYmFja2VuZCI6ImRqYW5nby5jb250cmliLmF1dGguYmFja2VuZHMuTW9kZWxCYWNrZW5kIiwiX2F1dGhfdXNlcl9pZCI6MX0=', `expire_date` = '2014-06-16 22:40:02' WHERE `django_session`.`session_key` = 'way09xj4nmqr1y0far3vgezx9cs98hqe' ; args=(u'NDE4ZWYzNzFhYTkyMGNlZjU4NWM0ODY3MDhmOTIzMjRmZDQ4MTc1Mzp7Il9hdXRoX3VzZXJfYmFja2VuZCI6ImRqYW5nby5jb250cmliLmF1dGguYmFja2VuZHMuTW9kZWxCYWNrZW5kIiwiX2F1dGhfdXNlcl9pZCI6MX0=', u'2014-06-16 22:40:02', u'way09xj4nmqr1y0far3vgezx9cs98hqe')
2014-06-02 22:40:02,343 [DEBUG] django.db.backends: (0.001) SELECT `django_session`.`session_key`, `django_session`.`session_data`, `django_session`.`expire_date` FROM `django_session` WHERE (`django_session`.`session_key` = 'way09xj4nmqr1y0far3vgezx9cs98hqe'  AND `django_session`.`expire_date` > '2014-06-02 22:40:02' ); args=('way09xj4nmqr1y0far3vgezx9cs98hqe', u'2014-06-02 22:40:02')
2014-06-02 22:40:02,347 [DEBUG] django.db.backends: (0.002) SELECT `account_account`.`id`, `account_account`.`password`, `account_account`.`last_login`, `account_account`.`email`, `account_account`.`is_active`, `account_account`.`is_admin` FROM `account_account` WHERE `account_account`.`id` = 1 ; args=(1,)
2014-06-02 22:40:04,167 [DEBUG] django.db.backends: (0.000) SELECT `django_session`.`session_key`, `django_session`.`session_data`, `django_session`.`expire_date` FROM `django_session` WHERE (`django_session`.`session_key` = 'way09xj4nmqr1y0far3vgezx9cs98hqe'  AND `django_session`.`expire_date` > '2014-06-02 22:40:04' ); args=('way09xj4nmqr1y0far3vgezx9cs98hqe', u'2014-06-02 22:40:04')
2014-06-02 22:40:04,168 [DEBUG] django.db.backends: (0.000) SELECT `account_account`.`id`, `account_account`.`password`, `account_account`.`last_login`, `account_account`.`email`, `account_account`.`is_active`, `account_account`.`is_admin` FROM `account_account` WHERE `account_account`.`id` = 1 ; args=(1,)
2014-06-02 22:40:04,168 [DEBUG] django.db.backends: (0.000) SELECT `django_session`.`session_key`, `django_session`.`session_data`, `django_session`.`expire_date` FROM `django_session` WHERE `django_session`.`session_key` = 'way09xj4nmqr1y0far3vgezx9cs98hqe' ; args=('way09xj4nmqr1y0far3vgezx9cs98hqe',)
2014-06-02 22:40:04,171 [DEBUG] django.db.backends: (0.000) DELETE FROM `django_session` WHERE `session_key` IN ('way09xj4nmqr1y0far3vgezx9cs98hqe'); args=(u'way09xj4nmqr1y0far3vgezx9cs98hqe',)
2014-06-02 22:40:04,178 [DEBUG] django.db.backends: (0.000) SELECT (1) AS `a` FROM `django_session` WHERE `django_session`.`session_key` = 'p02eaxbaqj5dmxtkkzjjv1tqn1095zpu'  LIMIT 1; args=(u'p02eaxbaqj5dmxtkkzjjv1tqn1095zpu',)
2014-06-02 22:40:04,201 [DEBUG] django.db.backends: (0.023) INSERT INTO `django_session` (`session_key`, `session_data`, `expire_date`) VALUES ('p02eaxbaqj5dmxtkkzjjv1tqn1095zpu', 'YTU5YWEwNGI4NDEzNjJjNTJiOTVmNzZjYTZmOWVhZTZiZTUyM2RkNjp7fQ==', '2014-06-16 22:40:04'); args=(u'p02eaxbaqj5dmxtkkzjjv1tqn1095zpu', u'YTU5YWEwNGI4NDEzNjJjNTJiOTVmNzZjYTZmOWVhZTZiZTUyM2RkNjp7fQ==', u'2014-06-16 22:40:04')
2014-06-02 22:40:04,209 [DEBUG] django.db.backends: (0.001) UPDATE `django_session` SET `session_data` = 'YTU5YWEwNGI4NDEzNjJjNTJiOTVmNzZjYTZmOWVhZTZiZTUyM2RkNjp7fQ==', `expire_date` = '2014-06-16 22:40:04' WHERE `django_session`.`session_key` = 'p02eaxbaqj5dmxtkkzjjv1tqn1095zpu' ; args=(u'YTU5YWEwNGI4NDEzNjJjNTJiOTVmNzZjYTZmOWVhZTZiZTUyM2RkNjp7fQ==', u'2014-06-16 22:40:04', u'p02eaxbaqj5dmxtkkzjjv1tqn1095zpu')
2014-06-02 22:40:11,220 [DEBUG] django.db.backends: (0.000) SELECT `django_session`.`session_key`, `django_session`.`session_data`, `django_session`.`expire_date` FROM `django_session` WHERE (`django_session`.`session_key` = 'p02eaxbaqj5dmxtkkzjjv1tqn1095zpu'  AND `django_session`.`expire_date` > '2014-06-02 22:40:11' ); args=('p02eaxbaqj5dmxtkkzjjv1tqn1095zpu', u'2014-06-02 22:40:11')
2014-06-02 22:40:11,221 [DEBUG] django.db.backends: (0.000) SELECT `django_session`.`session_key`, `django_session`.`session_data`, `django_session`.`expire_date` FROM `django_session` WHERE `django_session`.`session_key` = 'p02eaxbaqj5dmxtkkzjjv1tqn1095zpu' ; args=('p02eaxbaqj5dmxtkkzjjv1tqn1095zpu',)
2014-06-02 22:40:11,240 [DEBUG] django.db.backends: (0.019) DELETE FROM `django_session` WHERE `session_key` IN ('p02eaxbaqj5dmxtkkzjjv1tqn1095zpu'); args=(u'p02eaxbaqj5dmxtkkzjjv1tqn1095zpu',)
2014-06-02 22:40:11,274 [DEBUG] django.db.backends: (0.000) SELECT (1) AS `a` FROM `django_session` WHERE `django_session`.`session_key` = 'tt1fgqgj6wn0hlnnn8noipi81mfetq16'  LIMIT 1; args=(u'tt1fgqgj6wn0hlnnn8noipi81mfetq16',)
2014-06-02 22:40:11,276 [DEBUG] django.db.backends: (0.001) INSERT INTO `django_session` (`session_key`, `session_data`, `expire_date`) VALUES ('tt1fgqgj6wn0hlnnn8noipi81mfetq16', 'YTU5YWEwNGI4NDEzNjJjNTJiOTVmNzZjYTZmOWVhZTZiZTUyM2RkNjp7fQ==', '2014-06-16 22:40:11'); args=(u'tt1fgqgj6wn0hlnnn8noipi81mfetq16', u'YTU5YWEwNGI4NDEzNjJjNTJiOTVmNzZjYTZmOWVhZTZiZTUyM2RkNjp7fQ==', u'2014-06-16 22:40:11')
2014-06-02 22:40:11,283 [DEBUG] django.db.backends: (0.001) UPDATE `django_session` SET `session_data` = 'YTU5YWEwNGI4NDEzNjJjNTJiOTVmNzZjYTZmOWVhZTZiZTUyM2RkNjp7fQ==', `expire_date` = '2014-06-16 22:40:11' WHERE `django_session`.`session_key` = 'tt1fgqgj6wn0hlnnn8noipi81mfetq16' ; args=(u'YTU5YWEwNGI4NDEzNjJjNTJiOTVmNzZjYTZmOWVhZTZiZTUyM2RkNjp7fQ==', u'2014-06-16 22:40:11', u'tt1fgqgj6wn0hlnnn8noipi81mfetq16')
2014-06-03 19:33:31,134 [DEBUG] django.db.backends: (0.044) SELECT `django_session`.`session_key`, `django_session`.`session_data`, `django_session`.`expire_date` FROM `django_session` WHERE (`django_session`.`session_key` = 'tt1fgqgj6wn0hlnnn8noipi81mfetq16'  AND `django_session`.`expire_date` > '2014-06-03 19:33:30' ); args=('tt1fgqgj6wn0hlnnn8noipi81mfetq16', u'2014-06-03 19:33:30')
2014-06-03 19:33:31,183 [DEBUG] django.db.backends: (0.000) SELECT `django_session`.`session_key`, `django_session`.`session_data`, `django_session`.`expire_date` FROM `django_session` WHERE `django_session`.`session_key` = 'tt1fgqgj6wn0hlnnn8noipi81mfetq16' ; args=('tt1fgqgj6wn0hlnnn8noipi81mfetq16',)
2014-06-03 19:33:31,184 [DEBUG] django.db.backends: (0.000) DELETE FROM `django_session` WHERE `session_key` IN ('tt1fgqgj6wn0hlnnn8noipi81mfetq16'); args=(u'tt1fgqgj6wn0hlnnn8noipi81mfetq16',)
2014-06-03 19:33:31,221 [DEBUG] django.db.backends: (0.000) SELECT (1) AS `a` FROM `django_session` WHERE `django_session`.`session_key` = 'e9umgz7ujky1uga2cnpeuap4j97tha3d'  LIMIT 1; args=(u'e9umgz7ujky1uga2cnpeuap4j97tha3d',)
2014-06-03 19:33:31,233 [DEBUG] django.db.backends: (0.011) INSERT INTO `django_session` (`session_key`, `session_data`, `expire_date`) VALUES ('e9umgz7ujky1uga2cnpeuap4j97tha3d', 'YTU5YWEwNGI4NDEzNjJjNTJiOTVmNzZjYTZmOWVhZTZiZTUyM2RkNjp7fQ==', '2014-06-17 19:33:31'); args=(u'e9umgz7ujky1uga2cnpeuap4j97tha3d', u'YTU5YWEwNGI4NDEzNjJjNTJiOTVmNzZjYTZmOWVhZTZiZTUyM2RkNjp7fQ==', u'2014-06-17 19:33:31')
2014-06-03 19:33:31,280 [DEBUG] django.db.backends: (0.001) UPDATE `django_session` SET `session_data` = 'YTU5YWEwNGI4NDEzNjJjNTJiOTVmNzZjYTZmOWVhZTZiZTUyM2RkNjp7fQ==', `expire_date` = '2014-06-17 19:33:31' WHERE `django_session`.`session_key` = 'e9umgz7ujky1uga2cnpeuap4j97tha3d' ; args=(u'YTU5YWEwNGI4NDEzNjJjNTJiOTVmNzZjYTZmOWVhZTZiZTUyM2RkNjp7fQ==', u'2014-06-17 19:33:31', u'e9umgz7ujky1uga2cnpeuap4j97tha3d')
2014-06-03 19:33:33,169 [DEBUG] django.db.backends: (0.000) SELECT `django_session`.`session_key`, `django_session`.`session_data`, `django_session`.`expire_date` FROM `django_session` WHERE (`django_session`.`session_key` = 'e9umgz7ujky1uga2cnpeuap4j97tha3d'  AND `django_session`.`expire_date` > '2014-06-03 19:33:33' ); args=('e9umgz7ujky1uga2cnpeuap4j97tha3d', u'2014-06-03 19:33:33')
2014-06-03 19:33:33,170 [DEBUG] django.db.backends: (0.000) SELECT `django_session`.`session_key`, `django_session`.`session_data`, `django_session`.`expire_date` FROM `django_session` WHERE `django_session`.`session_key` = 'e9umgz7ujky1uga2cnpeuap4j97tha3d' ; args=('e9umgz7ujky1uga2cnpeuap4j97tha3d',)
2014-06-03 19:33:33,189 [DEBUG] django.db.backends: (0.019) DELETE FROM `django_session` WHERE `session_key` IN ('e9umgz7ujky1uga2cnpeuap4j97tha3d'); args=(u'e9umgz7ujky1uga2cnpeuap4j97tha3d',)
2014-06-03 19:33:33,257 [DEBUG] django.db.backends: (0.000) SELECT (1) AS `a` FROM `django_session` WHERE `django_session`.`session_key` = 'vmkuo4xp3jgtbyjglu6cwa4rmrr77usb'  LIMIT 1; args=(u'vmkuo4xp3jgtbyjglu6cwa4rmrr77usb',)
2014-06-03 19:33:33,258 [DEBUG] django.db.backends: (0.000) INSERT INTO `django_session` (`session_key`, `session_data`, `expire_date`) VALUES ('vmkuo4xp3jgtbyjglu6cwa4rmrr77usb', 'YTU5YWEwNGI4NDEzNjJjNTJiOTVmNzZjYTZmOWVhZTZiZTUyM2RkNjp7fQ==', '2014-06-17 19:33:33'); args=(u'vmkuo4xp3jgtbyjglu6cwa4rmrr77usb', u'YTU5YWEwNGI4NDEzNjJjNTJiOTVmNzZjYTZmOWVhZTZiZTUyM2RkNjp7fQ==', u'2014-06-17 19:33:33')
2014-06-03 19:33:33,285 [DEBUG] django.db.backends: (0.001) UPDATE `django_session` SET `session_data` = 'YTU5YWEwNGI4NDEzNjJjNTJiOTVmNzZjYTZmOWVhZTZiZTUyM2RkNjp7fQ==', `expire_date` = '2014-06-17 19:33:33' WHERE `django_session`.`session_key` = 'vmkuo4xp3jgtbyjglu6cwa4rmrr77usb' ; args=(u'YTU5YWEwNGI4NDEzNjJjNTJiOTVmNzZjYTZmOWVhZTZiZTUyM2RkNjp7fQ==', u'2014-06-17 19:33:33', u'vmkuo4xp3jgtbyjglu6cwa4rmrr77usb')
2014-06-03 19:33:38,360 [DEBUG] django.db.backends: (0.000) SELECT `account_account`.`id`, `account_account`.`password`, `account_account`.`last_login`, `account_account`.`email`, `account_account`.`is_active`, `account_account`.`is_admin` FROM `account_account` WHERE `account_account`.`email` = 'test@test.com' ; args=(u'test@test.com',)
2014-06-03 19:33:38,415 [DEBUG] django.db.backends: (0.000) SELECT `django_session`.`session_key`, `django_session`.`session_data`, `django_session`.`expire_date` FROM `django_session` WHERE (`django_session`.`session_key` = 'vmkuo4xp3jgtbyjglu6cwa4rmrr77usb'  AND `django_session`.`expire_date` > '2014-06-03 19:33:38' ); args=('vmkuo4xp3jgtbyjglu6cwa4rmrr77usb', u'2014-06-03 19:33:38')
2014-06-03 19:33:38,418 [DEBUG] django.db.backends: (0.000) SELECT (1) AS `a` FROM `django_session` WHERE `django_session`.`session_key` = 'acmvj43bhl9fu15vtq0zag63zl9ilve2'  LIMIT 1; args=(u'acmvj43bhl9fu15vtq0zag63zl9ilve2',)
2014-06-03 19:33:38,448 [DEBUG] django.db.backends: (0.027) INSERT INTO `django_session` (`session_key`, `session_data`, `expire_date`) VALUES ('acmvj43bhl9fu15vtq0zag63zl9ilve2', 'YTU5YWEwNGI4NDEzNjJjNTJiOTVmNzZjYTZmOWVhZTZiZTUyM2RkNjp7fQ==', '2014-06-17 19:33:38'); args=(u'acmvj43bhl9fu15vtq0zag63zl9ilve2', u'YTU5YWEwNGI4NDEzNjJjNTJiOTVmNzZjYTZmOWVhZTZiZTUyM2RkNjp7fQ==', u'2014-06-17 19:33:38')
2014-06-03 19:33:38,477 [DEBUG] django.db.backends: (0.000) SELECT `django_session`.`session_key`, `django_session`.`session_data`, `django_session`.`expire_date` FROM `django_session` WHERE `django_session`.`session_key` = 'vmkuo4xp3jgtbyjglu6cwa4rmrr77usb' ; args=('vmkuo4xp3jgtbyjglu6cwa4rmrr77usb',)
2014-06-03 19:33:38,479 [DEBUG] django.db.backends: (0.000) DELETE FROM `django_session` WHERE `session_key` IN ('vmkuo4xp3jgtbyjglu6cwa4rmrr77usb'); args=(u'vmkuo4xp3jgtbyjglu6cwa4rmrr77usb',)
2014-06-03 19:33:38,490 [DEBUG] django.db.backends: (0.000) UPDATE `account_account` SET `last_login` = '2014-06-03 19:33:38' WHERE `account_account`.`id` = 1 ; args=(u'2014-06-03 19:33:38', 1)
2014-06-03 19:33:38,505 [DEBUG] django.db.backends: (0.012) UPDATE `django_session` SET `session_data` = 'NDE4ZWYzNzFhYTkyMGNlZjU4NWM0ODY3MDhmOTIzMjRmZDQ4MTc1Mzp7Il9hdXRoX3VzZXJfYmFja2VuZCI6ImRqYW5nby5jb250cmliLmF1dGguYmFja2VuZHMuTW9kZWxCYWNrZW5kIiwiX2F1dGhfdXNlcl9pZCI6MX0=', `expire_date` = '2014-06-17 19:33:38' WHERE `django_session`.`session_key` = 'acmvj43bhl9fu15vtq0zag63zl9ilve2' ; args=(u'NDE4ZWYzNzFhYTkyMGNlZjU4NWM0ODY3MDhmOTIzMjRmZDQ4MTc1Mzp7Il9hdXRoX3VzZXJfYmFja2VuZCI6ImRqYW5nby5jb250cmliLmF1dGguYmFja2VuZHMuTW9kZWxCYWNrZW5kIiwiX2F1dGhfdXNlcl9pZCI6MX0=', u'2014-06-17 19:33:38', u'acmvj43bhl9fu15vtq0zag63zl9ilve2')
2014-06-03 19:33:38,606 [DEBUG] django.db.backends: (0.000) SELECT `django_session`.`session_key`, `django_session`.`session_data`, `django_session`.`expire_date` FROM `django_session` WHERE (`django_session`.`session_key` = 'acmvj43bhl9fu15vtq0zag63zl9ilve2'  AND `django_session`.`expire_date` > '2014-06-03 19:33:38' ); args=('acmvj43bhl9fu15vtq0zag63zl9ilve2', u'2014-06-03 19:33:38')
2014-06-03 19:33:38,609 [DEBUG] django.db.backends: (0.000) SELECT `account_account`.`id`, `account_account`.`password`, `account_account`.`last_login`, `account_account`.`email`, `account_account`.`is_active`, `account_account`.`is_admin` FROM `account_account` WHERE `account_account`.`id` = 1 ; args=(1,)
2014-06-03 19:33:41,589 [DEBUG] django.db.backends: (0.000) SELECT `django_session`.`session_key`, `django_session`.`session_data`, `django_session`.`expire_date` FROM `django_session` WHERE (`django_session`.`session_key` = 'acmvj43bhl9fu15vtq0zag63zl9ilve2'  AND `django_session`.`expire_date` > '2014-06-03 19:33:41' ); args=('acmvj43bhl9fu15vtq0zag63zl9ilve2', u'2014-06-03 19:33:41')
2014-06-03 19:33:41,590 [DEBUG] django.db.backends: (0.000) SELECT `account_account`.`id`, `account_account`.`password`, `account_account`.`last_login`, `account_account`.`email`, `account_account`.`is_active`, `account_account`.`is_admin` FROM `account_account` WHERE `account_account`.`id` = 1 ; args=(1,)
2014-06-03 19:33:41,590 [DEBUG] django.db.backends: (0.000) SELECT `django_session`.`session_key`, `django_session`.`session_data`, `django_session`.`expire_date` FROM `django_session` WHERE `django_session`.`session_key` = 'acmvj43bhl9fu15vtq0zag63zl9ilve2' ; args=('acmvj43bhl9fu15vtq0zag63zl9ilve2',)
2014-06-03 19:33:41,616 [DEBUG] django.db.backends: (0.024) DELETE FROM `django_session` WHERE `session_key` IN ('acmvj43bhl9fu15vtq0zag63zl9ilve2'); args=(u'acmvj43bhl9fu15vtq0zag63zl9ilve2',)
2014-06-03 19:33:41,623 [DEBUG] django.db.backends: (0.001) SELECT (1) AS `a` FROM `django_session` WHERE `django_session`.`session_key` = 't8x6hwtz6irrazhhynv73lhz0csfwiux'  LIMIT 1; args=(u't8x6hwtz6irrazhhynv73lhz0csfwiux',)
2014-06-03 19:33:41,625 [DEBUG] django.db.backends: (0.000) INSERT INTO `django_session` (`session_key`, `session_data`, `expire_date`) VALUES ('t8x6hwtz6irrazhhynv73lhz0csfwiux', 'YTU5YWEwNGI4NDEzNjJjNTJiOTVmNzZjYTZmOWVhZTZiZTUyM2RkNjp7fQ==', '2014-06-17 19:33:41'); args=(u't8x6hwtz6irrazhhynv73lhz0csfwiux', u'YTU5YWEwNGI4NDEzNjJjNTJiOTVmNzZjYTZmOWVhZTZiZTUyM2RkNjp7fQ==', u'2014-06-17 19:33:41')
2014-06-03 19:33:41,633 [DEBUG] django.db.backends: (0.001) UPDATE `django_session` SET `session_data` = 'YTU5YWEwNGI4NDEzNjJjNTJiOTVmNzZjYTZmOWVhZTZiZTUyM2RkNjp7fQ==', `expire_date` = '2014-06-17 19:33:41' WHERE `django_session`.`session_key` = 't8x6hwtz6irrazhhynv73lhz0csfwiux' ; args=(u'YTU5YWEwNGI4NDEzNjJjNTJiOTVmNzZjYTZmOWVhZTZiZTUyM2RkNjp7fQ==', u'2014-06-17 19:33:41', u't8x6hwtz6irrazhhynv73lhz0csfwiux')
2014-06-03 19:34:16,244 [DEBUG] django.db.backends: (0.000) SELECT `django_session`.`session_key`, `django_session`.`session_data`, `django_session`.`expire_date` FROM `django_session` WHERE (`django_session`.`session_key` = 't8x6hwtz6irrazhhynv73lhz0csfwiux'  AND `django_session`.`expire_date` > '2014-06-03 19:34:16' ); args=('t8x6hwtz6irrazhhynv73lhz0csfwiux', u'2014-06-03 19:34:16')
2014-06-03 19:34:16,247 [DEBUG] django.db.backends: (0.002) SELECT `django_session`.`session_key`, `django_session`.`session_data`, `django_session`.`expire_date` FROM `django_session` WHERE `django_session`.`session_key` = 't8x6hwtz6irrazhhynv73lhz0csfwiux' ; args=('t8x6hwtz6irrazhhynv73lhz0csfwiux',)
2014-06-03 19:34:16,248 [DEBUG] django.db.backends: (0.000) DELETE FROM `django_session` WHERE `session_key` IN ('t8x6hwtz6irrazhhynv73lhz0csfwiux'); args=(u't8x6hwtz6irrazhhynv73lhz0csfwiux',)
2014-06-03 19:34:16,252 [DEBUG] django.db.backends: (0.001) SELECT (1) AS `a` FROM `django_session` WHERE `django_session`.`session_key` = 'qvcmbewnubo8pax27at0sgilcfkokmki'  LIMIT 1; args=(u'qvcmbewnubo8pax27at0sgilcfkokmki',)
2014-06-03 19:34:16,253 [DEBUG] django.db.backends: (0.000) INSERT INTO `django_session` (`session_key`, `session_data`, `expire_date`) VALUES ('qvcmbewnubo8pax27at0sgilcfkokmki', 'YTU5YWEwNGI4NDEzNjJjNTJiOTVmNzZjYTZmOWVhZTZiZTUyM2RkNjp7fQ==', '2014-06-17 19:34:16'); args=(u'qvcmbewnubo8pax27at0sgilcfkokmki', u'YTU5YWEwNGI4NDEzNjJjNTJiOTVmNzZjYTZmOWVhZTZiZTUyM2RkNjp7fQ==', u'2014-06-17 19:34:16')
2014-06-03 19:34:16,263 [DEBUG] django.db.backends: (0.000) UPDATE `django_session` SET `session_data` = 'YTU5YWEwNGI4NDEzNjJjNTJiOTVmNzZjYTZmOWVhZTZiZTUyM2RkNjp7fQ==', `expire_date` = '2014-06-17 19:34:16' WHERE `django_session`.`session_key` = 'qvcmbewnubo8pax27at0sgilcfkokmki' ; args=(u'YTU5YWEwNGI4NDEzNjJjNTJiOTVmNzZjYTZmOWVhZTZiZTUyM2RkNjp7fQ==', u'2014-06-17 19:34:16', u'qvcmbewnubo8pax27at0sgilcfkokmki')
2014-06-03 19:34:17,651 [DEBUG] django.db.backends: (0.000) SELECT `django_session`.`session_key`, `django_session`.`session_data`, `django_session`.`expire_date` FROM `django_session` WHERE (`django_session`.`session_key` = 'qvcmbewnubo8pax27at0sgilcfkokmki'  AND `django_session`.`expire_date` > '2014-06-03 19:34:17' ); args=('qvcmbewnubo8pax27at0sgilcfkokmki', u'2014-06-03 19:34:17')
2014-06-03 19:34:26,394 [DEBUG] django.db.backends: (0.000) SELECT `django_session`.`session_key`, `django_session`.`session_data`, `django_session`.`expire_date` FROM `django_session` WHERE (`django_session`.`session_key` = 'qvcmbewnubo8pax27at0sgilcfkokmki'  AND `django_session`.`expire_date` > '2014-06-03 19:34:26' ); args=('qvcmbewnubo8pax27at0sgilcfkokmki', u'2014-06-03 19:34:26')
2014-06-03 19:34:26,406 [DEBUG] django.db.backends: (0.010) SELECT `account_account`.`id`, `account_account`.`password`, `account_account`.`last_login`, `account_account`.`email`, `account_account`.`is_active`, `account_account`.`is_admin` FROM `account_account` WHERE `account_account`.`email` = 'root' ; args=(u'root',)
2014-06-03 19:37:03,430 [DEBUG] django.db.backends: (0.000) SELECT `django_session`.`session_key`, `django_session`.`session_data`, `django_session`.`expire_date` FROM `django_session` WHERE (`django_session`.`session_key` = 'qvcmbewnubo8pax27at0sgilcfkokmki'  AND `django_session`.`expire_date` > '2014-06-03 19:37:03' ); args=('qvcmbewnubo8pax27at0sgilcfkokmki', u'2014-06-03 19:37:03')
2014-06-03 19:37:22,284 [DEBUG] django.db.backends: (0.000) SELECT `django_session`.`session_key`, `django_session`.`session_data`, `django_session`.`expire_date` FROM `django_session` WHERE (`django_session`.`session_key` = 'qvcmbewnubo8pax27at0sgilcfkokmki'  AND `django_session`.`expire_date` > '2014-06-03 19:37:22' ); args=('qvcmbewnubo8pax27at0sgilcfkokmki', u'2014-06-03 19:37:22')
2014-06-03 19:37:43,128 [DEBUG] django.db.backends: (0.000) SELECT `account_account`.`id`, `account_account`.`password`, `account_account`.`last_login`, `account_account`.`email`, `account_account`.`is_active`, `account_account`.`is_admin` FROM `account_account` WHERE `account_account`.`email` = 'test@test.com' ; args=(u'test@test.com',)
2014-06-03 19:37:43,181 [DEBUG] django.db.backends: (0.000) SELECT `django_session`.`session_key`, `django_session`.`session_data`, `django_session`.`expire_date` FROM `django_session` WHERE (`django_session`.`session_key` = 'qvcmbewnubo8pax27at0sgilcfkokmki'  AND `django_session`.`expire_date` > '2014-06-03 19:37:43' ); args=('qvcmbewnubo8pax27at0sgilcfkokmki', u'2014-06-03 19:37:43')
2014-06-03 19:37:43,182 [DEBUG] django.db.backends: (0.000) SELECT (1) AS `a` FROM `django_session` WHERE `django_session`.`session_key` = 'h95e6uzy3b1ai3t1u5bkvvxzp72t23as'  LIMIT 1; args=(u'h95e6uzy3b1ai3t1u5bkvvxzp72t23as',)
2014-06-03 19:37:43,334 [DEBUG] django.db.backends: (0.151) INSERT INTO `django_session` (`session_key`, `session_data`, `expire_date`) VALUES ('h95e6uzy3b1ai3t1u5bkvvxzp72t23as', 'YTU5YWEwNGI4NDEzNjJjNTJiOTVmNzZjYTZmOWVhZTZiZTUyM2RkNjp7fQ==', '2014-06-17 19:37:43'); args=(u'h95e6uzy3b1ai3t1u5bkvvxzp72t23as', u'YTU5YWEwNGI4NDEzNjJjNTJiOTVmNzZjYTZmOWVhZTZiZTUyM2RkNjp7fQ==', u'2014-06-17 19:37:43')
2014-06-03 19:37:43,355 [DEBUG] django.db.backends: (0.000) SELECT `django_session`.`session_key`, `django_session`.`session_data`, `django_session`.`expire_date` FROM `django_session` WHERE `django_session`.`session_key` = 'qvcmbewnubo8pax27at0sgilcfkokmki' ; args=('qvcmbewnubo8pax27at0sgilcfkokmki',)
2014-06-03 19:37:43,356 [DEBUG] django.db.backends: (0.000) DELETE FROM `django_session` WHERE `session_key` IN ('qvcmbewnubo8pax27at0sgilcfkokmki'); args=(u'qvcmbewnubo8pax27at0sgilcfkokmki',)
2014-06-03 19:37:43,360 [DEBUG] django.db.backends: (0.000) UPDATE `account_account` SET `last_login` = '2014-06-03 19:37:43' WHERE `account_account`.`id` = 1 ; args=(u'2014-06-03 19:37:43', 1)
2014-06-03 19:37:43,379 [DEBUG] django.db.backends: (0.015) UPDATE `django_session` SET `session_data` = 'NDE4ZWYzNzFhYTkyMGNlZjU4NWM0ODY3MDhmOTIzMjRmZDQ4MTc1Mzp7Il9hdXRoX3VzZXJfYmFja2VuZCI6ImRqYW5nby5jb250cmliLmF1dGguYmFja2VuZHMuTW9kZWxCYWNrZW5kIiwiX2F1dGhfdXNlcl9pZCI6MX0=', `expire_date` = '2014-06-17 19:37:43' WHERE `django_session`.`session_key` = 'h95e6uzy3b1ai3t1u5bkvvxzp72t23as' ; args=(u'NDE4ZWYzNzFhYTkyMGNlZjU4NWM0ODY3MDhmOTIzMjRmZDQ4MTc1Mzp7Il9hdXRoX3VzZXJfYmFja2VuZCI6ImRqYW5nby5jb250cmliLmF1dGguYmFja2VuZHMuTW9kZWxCYWNrZW5kIiwiX2F1dGhfdXNlcl9pZCI6MX0=', u'2014-06-17 19:37:43', u'h95e6uzy3b1ai3t1u5bkvvxzp72t23as')
2014-06-03 19:37:43,400 [DEBUG] django.db.backends: (0.000) SELECT `django_session`.`session_key`, `django_session`.`session_data`, `django_session`.`expire_date` FROM `django_session` WHERE (`django_session`.`session_key` = 'h95e6uzy3b1ai3t1u5bkvvxzp72t23as'  AND `django_session`.`expire_date` > '2014-06-03 19:37:43' ); args=('h95e6uzy3b1ai3t1u5bkvvxzp72t23as', u'2014-06-03 19:37:43')
2014-06-03 19:37:43,401 [DEBUG] django.db.backends: (0.000) SELECT `account_account`.`id`, `account_account`.`password`, `account_account`.`last_login`, `account_account`.`email`, `account_account`.`is_active`, `account_account`.`is_admin` FROM `account_account` WHERE `account_account`.`id` = 1 ; args=(1,)
2014-06-03 19:38:04,551 [DEBUG] django.db.backends: (0.000) SELECT `django_session`.`session_key`, `django_session`.`session_data`, `django_session`.`expire_date` FROM `django_session` WHERE (`django_session`.`session_key` = 'h95e6uzy3b1ai3t1u5bkvvxzp72t23as'  AND `django_session`.`expire_date` > '2014-06-03 19:38:04' ); args=('h95e6uzy3b1ai3t1u5bkvvxzp72t23as', u'2014-06-03 19:38:04')
2014-06-03 19:38:04,552 [DEBUG] django.db.backends: (0.000) SELECT `account_account`.`id`, `account_account`.`password`, `account_account`.`last_login`, `account_account`.`email`, `account_account`.`is_active`, `account_account`.`is_admin` FROM `account_account` WHERE `account_account`.`id` = 1 ; args=(1,)
2014-06-03 19:43:10,499 [DEBUG] django.db.backends: (0.000) SELECT `django_session`.`session_key`, `django_session`.`session_data`, `django_session`.`expire_date` FROM `django_session` WHERE (`django_session`.`session_key` = 'h95e6uzy3b1ai3t1u5bkvvxzp72t23as'  AND `django_session`.`expire_date` > '2014-06-03 19:43:10' ); args=('h95e6uzy3b1ai3t1u5bkvvxzp72t23as', u'2014-06-03 19:43:10')
2014-06-03 19:43:10,500 [DEBUG] django.db.backends: (0.000) SELECT `account_account`.`id`, `account_account`.`password`, `account_account`.`last_login`, `account_account`.`email`, `account_account`.`is_active`, `account_account`.`is_admin` FROM `account_account` WHERE `account_account`.`id` = 1 ; args=(1,)
2014-06-03 19:43:15,973 [DEBUG] django.db.backends: (0.001) SELECT `django_session`.`session_key`, `django_session`.`session_data`, `django_session`.`expire_date` FROM `django_session` WHERE (`django_session`.`session_key` = 'h95e6uzy3b1ai3t1u5bkvvxzp72t23as'  AND `django_session`.`expire_date` > '2014-06-03 19:43:15' ); args=('h95e6uzy3b1ai3t1u5bkvvxzp72t23as', u'2014-06-03 19:43:15')
2014-06-03 19:43:15,980 [DEBUG] django.db.backends: (0.000) SELECT `account_account`.`id`, `account_account`.`password`, `account_account`.`last_login`, `account_account`.`email`, `account_account`.`is_active`, `account_account`.`is_admin` FROM `account_account` WHERE `account_account`.`id` = 1 ; args=(1,)
2014-06-03 19:43:15,983 [DEBUG] django.db.backends: (0.001) SELECT `django_session`.`session_key`, `django_session`.`session_data`, `django_session`.`expire_date` FROM `django_session` WHERE `django_session`.`session_key` = 'h95e6uzy3b1ai3t1u5bkvvxzp72t23as' ; args=('h95e6uzy3b1ai3t1u5bkvvxzp72t23as',)
2014-06-03 19:43:15,989 [DEBUG] django.db.backends: (0.001) DELETE FROM `django_session` WHERE `session_key` IN ('h95e6uzy3b1ai3t1u5bkvvxzp72t23as'); args=(u'h95e6uzy3b1ai3t1u5bkvvxzp72t23as',)
2014-06-03 19:43:16,006 [DEBUG] django.db.backends: (0.000) SELECT (1) AS `a` FROM `django_session` WHERE `django_session`.`session_key` = 'dv8ok013zox595ta07g2cu2igvvktfvi'  LIMIT 1; args=(u'dv8ok013zox595ta07g2cu2igvvktfvi',)
2014-06-03 19:43:16,008 [DEBUG] django.db.backends: (0.000) INSERT INTO `django_session` (`session_key`, `session_data`, `expire_date`) VALUES ('dv8ok013zox595ta07g2cu2igvvktfvi', 'YTU5YWEwNGI4NDEzNjJjNTJiOTVmNzZjYTZmOWVhZTZiZTUyM2RkNjp7fQ==', '2014-06-17 19:43:16'); args=(u'dv8ok013zox595ta07g2cu2igvvktfvi', u'YTU5YWEwNGI4NDEzNjJjNTJiOTVmNzZjYTZmOWVhZTZiZTUyM2RkNjp7fQ==', u'2014-06-17 19:43:16')
2014-06-03 19:43:16,012 [DEBUG] django.db.backends: (0.000) SELECT `account_account`.`id`, `account_account`.`password`, `account_account`.`last_login`, `account_account`.`email`, `account_account`.`is_active`, `account_account`.`is_admin` FROM `account_account` WHERE `account_account`.`email` = 'root' ; args=(u'root',)
2014-06-03 19:43:16,065 [DEBUG] django.db.backends: (0.000) UPDATE `django_session` SET `session_data` = 'YTU5YWEwNGI4NDEzNjJjNTJiOTVmNzZjYTZmOWVhZTZiZTUyM2RkNjp7fQ==', `expire_date` = '2014-06-17 19:43:16' WHERE `django_session`.`session_key` = 'dv8ok013zox595ta07g2cu2igvvktfvi' ; args=(u'YTU5YWEwNGI4NDEzNjJjNTJiOTVmNzZjYTZmOWVhZTZiZTUyM2RkNjp7fQ==', u'2014-06-17 19:43:16', u'dv8ok013zox595ta07g2cu2igvvktfvi')
2014-06-03 19:43:19,682 [DEBUG] django.db.backends: (0.000) SELECT `django_session`.`session_key`, `django_session`.`session_data`, `django_session`.`expire_date` FROM `django_session` WHERE (`django_session`.`session_key` = 'dv8ok013zox595ta07g2cu2igvvktfvi'  AND `django_session`.`expire_date` > '2014-06-03 19:43:19' ); args=('dv8ok013zox595ta07g2cu2igvvktfvi', u'2014-06-03 19:43:19')
2014-06-03 19:43:20,644 [DEBUG] django.db.backends: (0.000) SELECT `django_session`.`session_key`, `django_session`.`session_data`, `django_session`.`expire_date` FROM `django_session` WHERE (`django_session`.`session_key` = 'dv8ok013zox595ta07g2cu2igvvktfvi'  AND `django_session`.`expire_date` > '2014-06-03 19:43:20' ); args=('dv8ok013zox595ta07g2cu2igvvktfvi', u'2014-06-03 19:43:20')
2014-06-03 19:45:48,609 [DEBUG] django.db.backends: (0.000) SELECT `account_account`.`id`, `account_account`.`password`, `account_account`.`last_login`, `account_account`.`email`, `account_account`.`is_active`, `account_account`.`is_admin` FROM `account_account` WHERE `account_account`.`email` = 'admin@gmail.com' ; args=('admin@gmail.com',)
2014-06-03 19:46:03,737 [DEBUG] django.db.backends: (0.000) SELECT `account_account`.`id`, `account_account`.`password`, `account_account`.`last_login`, `account_account`.`email`, `account_account`.`is_active`, `account_account`.`is_admin` FROM `account_account` WHERE `account_account`.`email` = 'admin@gmail.com' ; args=('admin@gmail.com',)
2014-06-03 19:47:54,509 [DEBUG] django.db.backends: (0.000) SELECT `account_account`.`id`, `account_account`.`password`, `account_account`.`last_login`, `account_account`.`email`, `account_account`.`is_active`, `account_account`.`is_admin` FROM `account_account` WHERE `account_account`.`email` = 'admin@gmail.com' ; args=('admin@gmail.com',)
2014-06-03 19:47:57,256 [DEBUG] django.db.backends: (0.025) INSERT INTO `account_account` (`password`, `last_login`, `email`, `is_active`, `is_admin`) VALUES ('pbkdf2_sha256$12000$Z1KJDzSdC02B$Y5ZpFRZIDPAhKCzCVSOqXlGw4pW7L94rTabFfsuSXr0=', '2014-06-03 19:47:57', 'admin@gmail.com', 0, 0); args=[u'pbkdf2_sha256$12000$Z1KJDzSdC02B$Y5ZpFRZIDPAhKCzCVSOqXlGw4pW7L94rTabFfsuSXr0=', u'2014-06-03 19:47:57', u'admin@gmail.com', False, False]
2014-06-03 19:47:57,278 [DEBUG] django.db.backends: (0.000) UPDATE `account_account` SET `password` = 'pbkdf2_sha256$12000$Z1KJDzSdC02B$Y5ZpFRZIDPAhKCzCVSOqXlGw4pW7L94rTabFfsuSXr0=', `last_login` = '2014-06-03 19:47:57', `email` = 'admin@gmail.com', `is_active` = 0, `is_admin` = 1 WHERE `account_account`.`id` = 2 ; args=(u'pbkdf2_sha256$12000$Z1KJDzSdC02B$Y5ZpFRZIDPAhKCzCVSOqXlGw4pW7L94rTabFfsuSXr0=', u'2014-06-03 19:47:57', u'admin@gmail.com', False, True, 2)
2014-06-03 19:48:04,539 [DEBUG] django.db.backends: (0.010) SELECT `django_session`.`session_key`, `django_session`.`session_data`, `django_session`.`expire_date` FROM `django_session` WHERE (`django_session`.`session_key` = 'dv8ok013zox595ta07g2cu2igvvktfvi'  AND `django_session`.`expire_date` > '2014-06-03 19:48:04' ); args=('dv8ok013zox595ta07g2cu2igvvktfvi', u'2014-06-03 19:48:04')
2014-06-03 19:48:12,702 [DEBUG] django.db.backends: (0.000) SELECT `django_session`.`session_key`, `django_session`.`session_data`, `django_session`.`expire_date` FROM `django_session` WHERE (`django_session`.`session_key` = 'dv8ok013zox595ta07g2cu2igvvktfvi'  AND `django_session`.`expire_date` > '2014-06-03 19:48:12' ); args=('dv8ok013zox595ta07g2cu2igvvktfvi', u'2014-06-03 19:48:12')
2014-06-03 19:48:12,705 [DEBUG] django.db.backends: (0.002) SELECT `account_account`.`id`, `account_account`.`password`, `account_account`.`last_login`, `account_account`.`email`, `account_account`.`is_active`, `account_account`.`is_admin` FROM `account_account` WHERE `account_account`.`email` = 'admin@gmail.com' ; args=(u'admin@gmail.com',)
2014-06-03 19:48:17,566 [DEBUG] django.db.backends: (0.000) SELECT `django_session`.`session_key`, `django_session`.`session_data`, `django_session`.`expire_date` FROM `django_session` WHERE (`django_session`.`session_key` = 'dv8ok013zox595ta07g2cu2igvvktfvi'  AND `django_session`.`expire_date` > '2014-06-03 19:48:17' ); args=('dv8ok013zox595ta07g2cu2igvvktfvi', u'2014-06-03 19:48:17')
2014-06-03 19:48:17,570 [DEBUG] django.db.backends: (0.002) SELECT `account_account`.`id`, `account_account`.`password`, `account_account`.`last_login`, `account_account`.`email`, `account_account`.`is_active`, `account_account`.`is_admin` FROM `account_account` WHERE `account_account`.`email` = 'admin@gmail.com' ; args=(u'admin@gmail.com',)
2014-06-03 19:50:33,556 [DEBUG] django.db.backends: (0.000) SELECT `django_session`.`session_key`, `django_session`.`session_data`, `django_session`.`expire_date` FROM `django_session` WHERE (`django_session`.`session_key` = 'dv8ok013zox595ta07g2cu2igvvktfvi'  AND `django_session`.`expire_date` > '2014-06-03 19:50:33' ); args=('dv8ok013zox595ta07g2cu2igvvktfvi', u'2014-06-03 19:50:33')
2014-06-03 19:50:33,559 [DEBUG] django.db.backends: (0.002) SELECT `account_account`.`id`, `account_account`.`password`, `account_account`.`last_login`, `account_account`.`email`, `account_account`.`is_active`, `account_account`.`is_admin` FROM `account_account` WHERE `account_account`.`email` = 'admin@gmail.com' ; args=(u'admin@gmail.com',)
2014-06-03 19:50:33,620 [DEBUG] django.db.backends: (0.000) SELECT (1) AS `a` FROM `django_session` WHERE `django_session`.`session_key` = 'd9q6gur3f0e45y9z7y8l01xzo9m6iyvj'  LIMIT 1; args=(u'd9q6gur3f0e45y9z7y8l01xzo9m6iyvj',)
2014-06-03 19:50:33,649 [DEBUG] django.db.backends: (0.028) INSERT INTO `django_session` (`session_key`, `session_data`, `expire_date`) VALUES ('d9q6gur3f0e45y9z7y8l01xzo9m6iyvj', 'YTU5YWEwNGI4NDEzNjJjNTJiOTVmNzZjYTZmOWVhZTZiZTUyM2RkNjp7fQ==', '2014-06-17 19:50:33'); args=(u'd9q6gur3f0e45y9z7y8l01xzo9m6iyvj', u'YTU5YWEwNGI4NDEzNjJjNTJiOTVmNzZjYTZmOWVhZTZiZTUyM2RkNjp7fQ==', u'2014-06-17 19:50:33')
2014-06-03 19:50:33,683 [DEBUG] django.db.backends: (0.000) SELECT `django_session`.`session_key`, `django_session`.`session_data`, `django_session`.`expire_date` FROM `django_session` WHERE `django_session`.`session_key` = 'dv8ok013zox595ta07g2cu2igvvktfvi' ; args=('dv8ok013zox595ta07g2cu2igvvktfvi',)
2014-06-03 19:50:33,684 [DEBUG] django.db.backends: (0.000) DELETE FROM `django_session` WHERE `session_key` IN ('dv8ok013zox595ta07g2cu2igvvktfvi'); args=(u'dv8ok013zox595ta07g2cu2igvvktfvi',)
2014-06-03 19:50:33,688 [DEBUG] django.db.backends: (0.000) UPDATE `account_account` SET `last_login` = '2014-06-03 19:50:33' WHERE `account_account`.`id` = 2 ; args=(u'2014-06-03 19:50:33', 2)
2014-06-03 19:50:33,691 [DEBUG] django.db.backends: (0.000) UPDATE `django_session` SET `session_data` = 'ZmVhOWQ4YTNiZjQ0YmZmNjQwYzk5Yjg4MDk3ODk1ODQzZDQ4MTliYjp7Il9hdXRoX3VzZXJfYmFja2VuZCI6ImRqYW5nby5jb250cmliLmF1dGguYmFja2VuZHMuTW9kZWxCYWNrZW5kIiwiX2F1dGhfdXNlcl9pZCI6Mn0=', `expire_date` = '2014-06-17 19:50:33' WHERE `django_session`.`session_key` = 'd9q6gur3f0e45y9z7y8l01xzo9m6iyvj' ; args=(u'ZmVhOWQ4YTNiZjQ0YmZmNjQwYzk5Yjg4MDk3ODk1ODQzZDQ4MTliYjp7Il9hdXRoX3VzZXJfYmFja2VuZCI6ImRqYW5nby5jb250cmliLmF1dGguYmFja2VuZHMuTW9kZWxCYWNrZW5kIiwiX2F1dGhfdXNlcl9pZCI6Mn0=', u'2014-06-17 19:50:33', u'd9q6gur3f0e45y9z7y8l01xzo9m6iyvj')
2014-06-03 19:50:33,701 [DEBUG] django.db.backends: (0.000) SELECT `django_session`.`session_key`, `django_session`.`session_data`, `django_session`.`expire_date` FROM `django_session` WHERE (`django_session`.`session_key` = 'd9q6gur3f0e45y9z7y8l01xzo9m6iyvj'  AND `django_session`.`expire_date` > '2014-06-03 19:50:33' ); args=('d9q6gur3f0e45y9z7y8l01xzo9m6iyvj', u'2014-06-03 19:50:33')
2014-06-03 19:50:33,701 [DEBUG] django.db.backends: (0.000) SELECT `account_account`.`id`, `account_account`.`password`, `account_account`.`last_login`, `account_account`.`email`, `account_account`.`is_active`, `account_account`.`is_admin` FROM `account_account` WHERE `account_account`.`id` = 2 ; args=(2,)
2014-06-03 19:50:33,793 [DEBUG] django.db.backends: (0.037) SELECT `django_admin_log`.`id`, `django_admin_log`.`action_time`, `django_admin_log`.`user_id`, `django_admin_log`.`content_type_id`, `django_admin_log`.`object_id`, `django_admin_log`.`object_repr`, `django_admin_log`.`action_flag`, `django_admin_log`.`change_message`, `account_account`.`id`, `account_account`.`password`, `account_account`.`last_login`, `account_account`.`email`, `account_account`.`is_active`, `account_account`.`is_admin`, `django_content_type`.`id`, `django_content_type`.`name`, `django_content_type`.`app_label`, `django_content_type`.`model` FROM `django_admin_log` INNER JOIN `account_account` ON ( `django_admin_log`.`user_id` = `account_account`.`id` ) LEFT OUTER JOIN `django_content_type` ON ( `django_admin_log`.`content_type_id` = `django_content_type`.`id` ) WHERE `django_admin_log`.`user_id` = 2  ORDER BY `django_admin_log`.`action_time` DESC LIMIT 10; args=(2,)
2014-06-03 19:50:42,975 [DEBUG] django.db.backends: (0.001) SELECT `django_session`.`session_key`, `django_session`.`session_data`, `django_session`.`expire_date` FROM `django_session` WHERE (`django_session`.`session_key` = 'd9q6gur3f0e45y9z7y8l01xzo9m6iyvj'  AND `django_session`.`expire_date` > '2014-06-03 19:50:42' ); args=('d9q6gur3f0e45y9z7y8l01xzo9m6iyvj', u'2014-06-03 19:50:42')
2014-06-03 19:50:42,978 [DEBUG] django.db.backends: (0.002) SELECT `account_account`.`id`, `account_account`.`password`, `account_account`.`last_login`, `account_account`.`email`, `account_account`.`is_active`, `account_account`.`is_admin` FROM `account_account` WHERE `account_account`.`id` = 2 ; args=(2,)
2014-06-03 19:50:43,047 [DEBUG] django.db.backends: (0.036) SELECT COUNT(*) FROM `account_account`; args=()
2014-06-03 19:50:43,059 [DEBUG] django.db.backends: (0.011) SELECT `account_account`.`id`, `account_account`.`password`, `account_account`.`last_login`, `account_account`.`email`, `account_account`.`is_active`, `account_account`.`is_admin` FROM `account_account` ORDER BY `account_account`.`email` ASC, `account_account`.`id` DESC; args=()
2014-06-03 19:50:43,247 [DEBUG] django.db.backends: (0.000) SELECT `django_session`.`session_key`, `django_session`.`session_data`, `django_session`.`expire_date` FROM `django_session` WHERE (`django_session`.`session_key` = 'd9q6gur3f0e45y9z7y8l01xzo9m6iyvj'  AND `django_session`.`expire_date` > '2014-06-03 19:50:43' ); args=('d9q6gur3f0e45y9z7y8l01xzo9m6iyvj', u'2014-06-03 19:50:43')
2014-06-03 19:50:43,254 [DEBUG] django.db.backends: (0.000) SELECT `account_account`.`id`, `account_account`.`password`, `account_account`.`last_login`, `account_account`.`email`, `account_account`.`is_active`, `account_account`.`is_admin` FROM `account_account` WHERE `account_account`.`id` = 2 ; args=(2,)
2014-06-03 19:50:46,040 [DEBUG] django.db.backends: (0.000) SELECT `django_session`.`session_key`, `django_session`.`session_data`, `django_session`.`expire_date` FROM `django_session` WHERE (`django_session`.`session_key` = 'd9q6gur3f0e45y9z7y8l01xzo9m6iyvj'  AND `django_session`.`expire_date` > '2014-06-03 19:50:46' ); args=('d9q6gur3f0e45y9z7y8l01xzo9m6iyvj', u'2014-06-03 19:50:46')
2014-06-03 19:50:46,043 [DEBUG] django.db.backends: (0.002) SELECT `account_account`.`id`, `account_account`.`password`, `account_account`.`last_login`, `account_account`.`email`, `account_account`.`is_active`, `account_account`.`is_admin` FROM `account_account` WHERE `account_account`.`id` = 2 ; args=(2,)
2014-06-03 19:50:46,068 [DEBUG] django.db.backends: (0.000) SELECT `django_admin_log`.`id`, `django_admin_log`.`action_time`, `django_admin_log`.`user_id`, `django_admin_log`.`content_type_id`, `django_admin_log`.`object_id`, `django_admin_log`.`object_repr`, `django_admin_log`.`action_flag`, `django_admin_log`.`change_message`, `account_account`.`id`, `account_account`.`password`, `account_account`.`last_login`, `account_account`.`email`, `account_account`.`is_active`, `account_account`.`is_admin`, `django_content_type`.`id`, `django_content_type`.`name`, `django_content_type`.`app_label`, `django_content_type`.`model` FROM `django_admin_log` INNER JOIN `account_account` ON ( `django_admin_log`.`user_id` = `account_account`.`id` ) LEFT OUTER JOIN `django_content_type` ON ( `django_admin_log`.`content_type_id` = `django_content_type`.`id` ) WHERE `django_admin_log`.`user_id` = 2  ORDER BY `django_admin_log`.`action_time` DESC LIMIT 10; args=(2,)
